[Sun Apr 29 00:00:43 CDT 2012] [warning] Language dir not found: /home/haydenmint/workspace/JagTrack/../UserLanguage
[Sun Apr 29 00:00:53 CDT 2012] [message] LoadError: no such file to load -- ruble/ui
  require at org/jruby/RubyKernel.java:1038
   (root) at /home/haydenmint/Downloads/eclipse/configuration/org.eclipse.osgi/bundles/201/1/.cp/framework/ruble/editor.rb:2
  require at org/jruby/RubyKernel.java:1038
   (root) at /home/haydenmint/Downloads/eclipse/configuration/org.eclipse.osgi/bundles/201/1/.cp/framework/ruble/editor.rb:4
     call at org/jruby/RubyProc.java:274
     call at org/jruby/RubyProc.java:229
     each at /home/haydenmint/Downloads/eclipse/plugins/org.jruby_1.6.4.1314386973/lib/ruby/site_ruby/shared/builtin/java/java.util.rb:7
   (root) at /home/haydenmint/Downloads/eclipse/configuration/org.eclipse.osgi/bundles/210/1/.cp/framework/ruble.rb:3
  require at org/jruby/RubyKernel.java:1038
   (root) at /home/haydenmint/Downloads/eclipse/configuration/org.eclipse.osgi/bundles/210/1/.cp/framework/ruble.rb:1
[Sun Apr 29 00:00:53 CDT 2012] [message] LoadError: no such file to load -- ruble/ui
  require at org/jruby/RubyKernel.java:1038
   (root) at /home/haydenmint/Downloads/eclipse/configuration/org.eclipse.osgi/bundles/201/1/.cp/framework/ruble/editor.rb:2
  require at org/jruby/RubyKernel.java:1038
   (root) at /home/haydenmint/Downloads/eclipse/configuration/org.eclipse.osgi/bundles/201/1/.cp/framework/ruble/editor.rb:4
     call at org/jruby/RubyProc.java:274
     call at org/jruby/RubyProc.java:229
     each at /home/haydenmint/Downloads/eclipse/plugins/org.jruby_1.6.4.1314386973/lib/ruby/site_ruby/shared/builtin/java/java.util.rb:7
   (root) at /home/haydenmint/Downloads/eclipse/configuration/org.eclipse.osgi/bundles/210/1/.cp/framework/ruble.rb:3
  require at org/jruby/RubyKernel.java:1038
   (root) at /home/haydenmint/Downloads/eclipse/configuration/org.eclipse.osgi/bundles/210/1/.cp/framework/ruble.rb:1
[Sun Apr 29 00:00:53 CDT 2012] [message] LoadError: no such file to load -- ruble/ui
  require at org/jruby/RubyKernel.java:1038
   (root) at /home/haydenmint/Downloads/eclipse/configuration/org.eclipse.osgi/bundles/201/1/.cp/framework/ruble/editor.rb:2
  require at org/jruby/RubyKernel.java:1038
   (root) at /home/haydenmint/Downloads/eclipse/configuration/org.eclipse.osgi/bundles/201/1/.cp/framework/ruble/editor.rb:4
     call at org/jruby/RubyProc.java:274
     call at org/jruby/RubyProc.java:229
     each at /home/haydenmint/Downloads/eclipse/plugins/org.jruby_1.6.4.1314386973/lib/ruby/site_ruby/shared/builtin/java/java.util.rb:7
   (root) at /home/haydenmint/Downloads/eclipse/configuration/org.eclipse.osgi/bundles/210/1/.cp/framework/ruble.rb:3
  require at org/jruby/RubyKernel.java:1038
   (root) at /home/haydenmint/Downloads/eclipse/configuration/org.eclipse.osgi/bundles/210/1/.cp/framework/ruble.rb:1
[Sun Apr 29 00:00:54 CDT 2012] [message] LoadError: no such file to load -- ruble/ui
  require at org/jruby/RubyKernel.java:1038
   (root) at /home/haydenmint/Downloads/eclipse/configuration/org.eclipse.osgi/bundles/201/1/.cp/framework/ruble/editor.rb:2
  require at org/jruby/RubyKernel.java:1038
   (root) at /home/haydenmint/Downloads/eclipse/configuration/org.eclipse.osgi/bundles/201/1/.cp/framework/ruble/editor.rb:4
     call at org/jruby/RubyProc.java:274
     call at org/jruby/RubyProc.java:229
     each at /home/haydenmint/Downloads/eclipse/plugins/org.jruby_1.6.4.1314386973/lib/ruby/site_ruby/shared/builtin/java/java.util.rb:7
   (root) at /home/haydenmint/Downloads/eclipse/configuration/org.eclipse.osgi/bundles/210/1/.cp/framework/ruble.rb:3
  require at org/jruby/RubyKernel.java:1038
   (root) at /home/haydenmint/Downloads/eclipse/configuration/org.eclipse.osgi/bundles/210/1/.cp/framework/ruble.rb:1
[Sun Apr 29 00:00:54 CDT 2012] [message] LoadError: no such file to load -- ruble/ui
  require at org/jruby/RubyKernel.java:1038
   (root) at /home/haydenmint/Downloads/eclipse/configuration/org.eclipse.osgi/bundles/201/1/.cp/framework/ruble/editor.rb:2
  require at org/jruby/RubyKernel.java:1038
   (root) at /home/haydenmint/Downloads/eclipse/configuration/org.eclipse.osgi/bundles/201/1/.cp/framework/ruble/editor.rb:4
     call at org/jruby/RubyProc.java:274
     call at org/jruby/RubyProc.java:229
     each at /home/haydenmint/Downloads/eclipse/plugins/org.jruby_1.6.4.1314386973/lib/ruby/site_ruby/shared/builtin/java/java.util.rb:7
   (root) at /home/haydenmint/Downloads/eclipse/configuration/org.eclipse.osgi/bundles/210/1/.cp/framework/ruble.rb:3
  require at org/jruby/RubyKernel.java:1038
   (root) at /home/haydenmint/Downloads/eclipse/configuration/org.eclipse.osgi/bundles/210/1/.cp/framework/ruble.rb:1
[Sun Apr 29 00:00:54 CDT 2012] [message] LoadError: no such file to load -- ruble/ui
  require at org/jruby/RubyKernel.java:1038
   (root) at /home/haydenmint/Downloads/eclipse/configuration/org.eclipse.osgi/bundles/201/1/.cp/framework/ruble/editor.rb:2
  require at org/jruby/RubyKernel.java:1038
   (root) at /home/haydenmint/Downloads/eclipse/configuration/org.eclipse.osgi/bundles/201/1/.cp/framework/ruble/editor.rb:4
     call at org/jruby/RubyProc.java:274
     call at org/jruby/RubyProc.java:229
     each at /home/haydenmint/Downloads/eclipse/plugins/org.jruby_1.6.4.1314386973/lib/ruby/site_ruby/shared/builtin/java/java.util.rb:7
   (root) at /home/haydenmint/Downloads/eclipse/configuration/org.eclipse.osgi/bundles/210/1/.cp/framework/ruble.rb:3
  require at org/jruby/RubyKernel.java:1038
   (root) at /home/haydenmint/Downloads/eclipse/configuration/org.eclipse.osgi/bundles/210/1/.cp/framework/ruble.rb:1
[Sun Apr 29 00:00:55 CDT 2012] [message] LoadError: no such file to load -- ruble/ui
  require at org/jruby/RubyKernel.java:1038
   (root) at /home/haydenmint/Downloads/eclipse/configuration/org.eclipse.osgi/bundles/201/1/.cp/framework/ruble/editor.rb:2
  require at org/jruby/RubyKernel.java:1038
   (root) at /home/haydenmint/Downloads/eclipse/configuration/org.eclipse.osgi/bundles/201/1/.cp/framework/ruble/editor.rb:4
     call at org/jruby/RubyProc.java:274
     call at org/jruby/RubyProc.java:229
     each at /home/haydenmint/Downloads/eclipse/plugins/org.jruby_1.6.4.1314386973/lib/ruby/site_ruby/shared/builtin/java/java.util.rb:7
   (root) at /home/haydenmint/Downloads/eclipse/configuration/org.eclipse.osgi/bundles/210/1/.cp/framework/ruble.rb:3
  require at org/jruby/RubyKernel.java:1038
   (root) at /home/haydenmint/Downloads/eclipse/configuration/org.eclipse.osgi/bundles/210/1/.cp/framework/ruble.rb:1
[Sun Apr 29 00:00:55 CDT 2012] [message] LoadError: no such file to load -- ruble/ui
  require at org/jruby/RubyKernel.java:1038
   (root) at /home/haydenmint/Downloads/eclipse/configuration/org.eclipse.osgi/bundles/201/1/.cp/framework/ruble/editor.rb:2
  require at org/jruby/RubyKernel.java:1038
   (root) at /home/haydenmint/Downloads/eclipse/configuration/org.eclipse.osgi/bundles/201/1/.cp/framework/ruble/editor.rb:4
     call at org/jruby/RubyProc.java:274
     call at org/jruby/RubyProc.java:229
     each at /home/haydenmint/Downloads/eclipse/plugins/org.jruby_1.6.4.1314386973/lib/ruby/site_ruby/shared/builtin/java/java.util.rb:7
   (root) at /home/haydenmint/Downloads/eclipse/configuration/org.eclipse.osgi/bundles/210/1/.cp/framework/ruble.rb:3
  require at org/jruby/RubyKernel.java:1038
   (root) at /home/haydenmint/Downloads/eclipse/configuration/org.eclipse.osgi/bundles/210/1/.cp/framework/ruble.rb:1
[Sun Apr 29 00:00:55 CDT 2012] [message] LoadError: no such file to load -- ruble/ui
  require at org/jruby/RubyKernel.java:1038
   (root) at /home/haydenmint/Downloads/eclipse/configuration/org.eclipse.osgi/bundles/201/1/.cp/framework/ruble/editor.rb:2
  require at org/jruby/RubyKernel.java:1038
   (root) at /home/haydenmint/Downloads/eclipse/configuration/org.eclipse.osgi/bundles/201/1/.cp/framework/ruble/editor.rb:4
     call at org/jruby/RubyProc.java:274
     call at org/jruby/RubyProc.java:229
     each at /home/haydenmint/Downloads/eclipse/plugins/org.jruby_1.6.4.1314386973/lib/ruby/site_ruby/shared/builtin/java/java.util.rb:7
   (root) at /home/haydenmint/Downloads/eclipse/configuration/org.eclipse.osgi/bundles/210/1/.cp/framework/ruble.rb:3
  require at org/jruby/RubyKernel.java:1038
   (root) at /home/haydenmint/Downloads/eclipse/configuration/org.eclipse.osgi/bundles/210/1/.cp/framework/ruble.rb:1
[Sun Apr 29 00:00:57 CDT 2012] [message] LoadError: no such file to load -- ruble/ui
  require at org/jruby/RubyKernel.java:1038
   (root) at /home/haydenmint/Downloads/eclipse/configuration/org.eclipse.osgi/bundles/201/1/.cp/framework/ruble/editor.rb:2
  require at org/jruby/RubyKernel.java:1038
   (root) at /home/haydenmint/Downloads/eclipse/configuration/org.eclipse.osgi/bundles/201/1/.cp/framework/ruble/editor.rb:4
     call at org/jruby/RubyProc.java:274
     call at org/jruby/RubyProc.java:229
     each at /home/haydenmint/Downloads/eclipse/plugins/org.jruby_1.6.4.1314386973/lib/ruby/site_ruby/shared/builtin/java/java.util.rb:7
   (root) at /home/haydenmint/Downloads/eclipse/configuration/org.eclipse.osgi/bundles/210/1/.cp/framework/ruble.rb:3
  require at org/jruby/RubyKernel.java:1038
   (root) at /home/haydenmint/Downloads/eclipse/configuration/org.eclipse.osgi/bundles/210/1/.cp/framework/ruble.rb:1
[Sun Apr 29 00:00:57 CDT 2012] [message] LoadError: no such file to load -- ruble/ui
  require at org/jruby/RubyKernel.java:1038
   (root) at /home/haydenmint/Downloads/eclipse/configuration/org.eclipse.osgi/bundles/201/1/.cp/framework/ruble/editor.rb:2
  require at org/jruby/RubyKernel.java:1038
   (root) at /home/haydenmint/Downloads/eclipse/configuration/org.eclipse.osgi/bundles/201/1/.cp/framework/ruble/editor.rb:4
     call at org/jruby/RubyProc.java:274
     call at org/jruby/RubyProc.java:229
     each at /home/haydenmint/Downloads/eclipse/plugins/org.jruby_1.6.4.1314386973/lib/ruby/site_ruby/shared/builtin/java/java.util.rb:7
   (root) at /home/haydenmint/Downloads/eclipse/configuration/org.eclipse.osgi/bundles/210/1/.cp/framework/ruble.rb:3
  require at org/jruby/RubyKernel.java:1038
   (root) at /home/haydenmint/Downloads/eclipse/configuration/org.eclipse.osgi/bundles/210/1/.cp/framework/ruble.rb:1
[Sun Apr 29 00:00:57 CDT 2012] [message] LoadError: no such file to load -- ruble/ui
  require at org/jruby/RubyKernel.java:1038
   (root) at /home/haydenmint/Downloads/eclipse/configuration/org.eclipse.osgi/bundles/201/1/.cp/framework/ruble/editor.rb:2
  require at org/jruby/RubyKernel.java:1038
   (root) at /home/haydenmint/Downloads/eclipse/configuration/org.eclipse.osgi/bundles/201/1/.cp/framework/ruble/editor.rb:4
     call at org/jruby/RubyProc.java:274
     call at org/jruby/RubyProc.java:229
     each at /home/haydenmint/Downloads/eclipse/plugins/org.jruby_1.6.4.1314386973/lib/ruby/site_ruby/shared/builtin/java/java.util.rb:7
   (root) at /home/haydenmint/Downloads/eclipse/configuration/org.eclipse.osgi/bundles/210/1/.cp/framework/ruble.rb:3
  require at org/jruby/RubyKernel.java:1038
   (root) at /home/haydenmint/Downloads/eclipse/configuration/org.eclipse.osgi/bundles/210/1/.cp/framework/ruble.rb:1
[Sun Apr 29 00:00:58 CDT 2012] [message] LoadError: no such file to load -- ruble/ui
  require at org/jruby/RubyKernel.java:1038
   (root) at /home/haydenmint/Downloads/eclipse/configuration/org.eclipse.osgi/bundles/201/1/.cp/framework/ruble/editor.rb:2
  require at org/jruby/RubyKernel.java:1038
   (root) at /home/haydenmint/Downloads/eclipse/configuration/org.eclipse.osgi/bundles/201/1/.cp/framework/ruble/editor.rb:4
     call at org/jruby/RubyProc.java:274
     call at org/jruby/RubyProc.java:229
     each at /home/haydenmint/Downloads/eclipse/plugins/org.jruby_1.6.4.1314386973/lib/ruby/site_ruby/shared/builtin/java/java.util.rb:7
   (root) at /home/haydenmint/Downloads/eclipse/configuration/org.eclipse.osgi/bundles/210/1/.cp/framework/ruble.rb:3
  require at org/jruby/RubyKernel.java:1038
   (root) at /home/haydenmint/Downloads/eclipse/configuration/org.eclipse.osgi/bundles/210/1/.cp/framework/ruble.rb:1
[Sun Apr 29 00:00:58 CDT 2012] [message] LoadError: no such file to load -- ruble/ui
  require at org/jruby/RubyKernel.java:1038
   (root) at /home/haydenmint/Downloads/eclipse/configuration/org.eclipse.osgi/bundles/201/1/.cp/framework/ruble/editor.rb:2
  require at org/jruby/RubyKernel.java:1038
   (root) at /home/haydenmint/Downloads/eclipse/configuration/org.eclipse.osgi/bundles/201/1/.cp/framework/ruble/editor.rb:4
     call at org/jruby/RubyProc.java:274
     call at org/jruby/RubyProc.java:229
     each at /home/haydenmint/Downloads/eclipse/plugins/org.jruby_1.6.4.1314386973/lib/ruby/site_ruby/shared/builtin/java/java.util.rb:7
   (root) at /home/haydenmint/Downloads/eclipse/configuration/org.eclipse.osgi/bundles/210/1/.cp/framework/ruble.rb:3
  require at org/jruby/RubyKernel.java:1038
   (root) at /home/haydenmint/Downloads/eclipse/configuration/org.eclipse.osgi/bundles/210/1/.cp/framework/ruble.rb:1
[Sun Apr 29 00:00:58 CDT 2012] [message] LoadError: no such file to load -- ruble/ui
  require at org/jruby/RubyKernel.java:1038
   (root) at /home/haydenmint/Downloads/eclipse/configuration/org.eclipse.osgi/bundles/201/1/.cp/framework/ruble/editor.rb:2
  require at org/jruby/RubyKernel.java:1038
   (root) at /home/haydenmint/Downloads/eclipse/configuration/org.eclipse.osgi/bundles/201/1/.cp/framework/ruble/editor.rb:4
     call at org/jruby/RubyProc.java:274
     call at org/jruby/RubyProc.java:229
     each at /home/haydenmint/Downloads/eclipse/plugins/org.jruby_1.6.4.1314386973/lib/ruby/site_ruby/shared/builtin/java/java.util.rb:7
   (root) at /home/haydenmint/Downloads/eclipse/configuration/org.eclipse.osgi/bundles/210/1/.cp/framework/ruble.rb:3
  require at org/jruby/RubyKernel.java:1038
   (root) at /home/haydenmint/Downloads/eclipse/configuration/org.eclipse.osgi/bundles/210/1/.cp/framework/ruble.rb:1
[Sun Apr 29 00:00:58 CDT 2012] [message] LoadError: no such file to load -- ruble/ui
  require at org/jruby/RubyKernel.java:1038
   (root) at /home/haydenmint/Downloads/eclipse/configuration/org.eclipse.osgi/bundles/201/1/.cp/framework/ruble/editor.rb:2
  require at org/jruby/RubyKernel.java:1038
   (root) at /home/haydenmint/Downloads/eclipse/configuration/org.eclipse.osgi/bundles/201/1/.cp/framework/ruble/editor.rb:4
     call at org/jruby/RubyProc.java:274
     call at org/jruby/RubyProc.java:229
     each at /home/haydenmint/Downloads/eclipse/plugins/org.jruby_1.6.4.1314386973/lib/ruby/site_ruby/shared/builtin/java/java.util.rb:7
   (root) at /home/haydenmint/Downloads/eclipse/configuration/org.eclipse.osgi/bundles/210/1/.cp/framework/ruble.rb:3
  require at org/jruby/RubyKernel.java:1038
   (root) at /home/haydenmint/Downloads/eclipse/configuration/org.eclipse.osgi/bundles/210/1/.cp/framework/ruble.rb:1
[Sun Apr 29 00:00:58 CDT 2012] [message] LoadError: no such file to load -- ruble/ui
  require at org/jruby/RubyKernel.java:1038
   (root) at /home/haydenmint/Downloads/eclipse/configuration/org.eclipse.osgi/bundles/201/1/.cp/framework/ruble/editor.rb:2
  require at org/jruby/RubyKernel.java:1038
   (root) at /home/haydenmint/Downloads/eclipse/configuration/org.eclipse.osgi/bundles/201/1/.cp/framework/ruble/editor.rb:4
     call at org/jruby/RubyProc.java:274
     call at org/jruby/RubyProc.java:229
     each at /home/haydenmint/Downloads/eclipse/plugins/org.jruby_1.6.4.1314386973/lib/ruby/site_ruby/shared/builtin/java/java.util.rb:7
   (root) at /home/haydenmint/Downloads/eclipse/configuration/org.eclipse.osgi/bundles/210/1/.cp/framework/ruble.rb:3
  require at org/jruby/RubyKernel.java:1038
   (root) at /home/haydenmint/Downloads/eclipse/configuration/org.eclipse.osgi/bundles/210/1/.cp/framework/ruble.rb:1
[Sun Apr 29 00:00:58 CDT 2012] [message] LoadError: no such file to load -- ruble/ui
  require at org/jruby/RubyKernel.java:1038
   (root) at /home/haydenmint/Downloads/eclipse/configuration/org.eclipse.osgi/bundles/201/1/.cp/framework/ruble/editor.rb:2
  require at org/jruby/RubyKernel.java:1038
   (root) at /home/haydenmint/Downloads/eclipse/configuration/org.eclipse.osgi/bundles/201/1/.cp/framework/ruble/editor.rb:4
     call at org/jruby/RubyProc.java:274
     call at org/jruby/RubyProc.java:229
     each at /home/haydenmint/Downloads/eclipse/plugins/org.jruby_1.6.4.1314386973/lib/ruby/site_ruby/shared/builtin/java/java.util.rb:7
   (root) at /home/haydenmint/Downloads/eclipse/configuration/org.eclipse.osgi/bundles/210/1/.cp/framework/ruble.rb:3
  require at org/jruby/RubyKernel.java:1038
   (root) at /home/haydenmint/Downloads/eclipse/configuration/org.eclipse.osgi/bundles/210/1/.cp/framework/ruble.rb:1
[Sun Apr 29 00:00:59 CDT 2012] [message] LoadError: no such file to load -- ruble/ui
  require at org/jruby/RubyKernel.java:1038
   (root) at /home/haydenmint/Downloads/eclipse/configuration/org.eclipse.osgi/bundles/201/1/.cp/framework/ruble/editor.rb:2
  require at org/jruby/RubyKernel.java:1038
   (root) at /home/haydenmint/Downloads/eclipse/configuration/org.eclipse.osgi/bundles/201/1/.cp/framework/ruble/editor.rb:4
     call at org/jruby/RubyProc.java:274
     call at org/jruby/RubyProc.java:229
     each at /home/haydenmint/Downloads/eclipse/plugins/org.jruby_1.6.4.1314386973/lib/ruby/site_ruby/shared/builtin/java/java.util.rb:7
   (root) at /home/haydenmint/Downloads/eclipse/configuration/org.eclipse.osgi/bundles/210/1/.cp/framework/ruble.rb:3
  require at org/jruby/RubyKernel.java:1038
   (root) at /home/haydenmint/Downloads/eclipse/configuration/org.eclipse.osgi/bundles/210/1/.cp/framework/ruble.rb:1
[Sun Apr 29 00:00:59 CDT 2012] [message] LoadError: no such file to load -- ruble/ui
  require at org/jruby/RubyKernel.java:1038
   (root) at /home/haydenmint/Downloads/eclipse/configuration/org.eclipse.osgi/bundles/201/1/.cp/framework/ruble/editor.rb:2
  require at org/jruby/RubyKernel.java:1038
   (root) at /home/haydenmint/Downloads/eclipse/configuration/org.eclipse.osgi/bundles/201/1/.cp/framework/ruble/editor.rb:4
     call at org/jruby/RubyProc.java:274
     call at org/jruby/RubyProc.java:229
     each at /home/haydenmint/Downloads/eclipse/plugins/org.jruby_1.6.4.1314386973/lib/ruby/site_ruby/shared/builtin/java/java.util.rb:7
   (root) at /home/haydenmint/Downloads/eclipse/configuration/org.eclipse.osgi/bundles/210/1/.cp/framework/ruble.rb:3
  require at org/jruby/RubyKernel.java:1038
   (root) at /home/haydenmint/Downloads/eclipse/configuration/org.eclipse.osgi/bundles/210/1/.cp/framework/ruble.rb:1
[Sun Apr 29 00:00:59 CDT 2012] [message] LoadError: no such file to load -- ruble/ui
  require at org/jruby/RubyKernel.java:1038
   (root) at /home/haydenmint/Downloads/eclipse/configuration/org.eclipse.osgi/bundles/201/1/.cp/framework/ruble/editor.rb:2
  require at org/jruby/RubyKernel.java:1038
   (root) at /home/haydenmint/Downloads/eclipse/configuration/org.eclipse.osgi/bundles/201/1/.cp/framework/ruble/editor.rb:4
     call at org/jruby/RubyProc.java:274
     call at org/jruby/RubyProc.java:229
     each at /home/haydenmint/Downloads/eclipse/plugins/org.jruby_1.6.4.1314386973/lib/ruby/site_ruby/shared/builtin/java/java.util.rb:7
   (root) at /home/haydenmint/Downloads/eclipse/configuration/org.eclipse.osgi/bundles/210/1/.cp/framework/ruble.rb:3
  require at org/jruby/RubyKernel.java:1038
   (root) at /home/haydenmint/Downloads/eclipse/configuration/org.eclipse.osgi/bundles/210/1/.cp/framework/ruble.rb:1
[Sun Apr 29 00:00:59 CDT 2012] [message] LoadError: no such file to load -- ruble/ui
  require at org/jruby/RubyKernel.java:1038
   (root) at /home/haydenmint/Downloads/eclipse/configuration/org.eclipse.osgi/bundles/201/1/.cp/framework/ruble/editor.rb:2
  require at org/jruby/RubyKernel.java:1038
   (root) at /home/haydenmint/Downloads/eclipse/configuration/org.eclipse.osgi/bundles/201/1/.cp/framework/ruble/editor.rb:4
     call at org/jruby/RubyProc.java:274
     call at org/jruby/RubyProc.java:229
     each at /home/haydenmint/Downloads/eclipse/plugins/org.jruby_1.6.4.1314386973/lib/ruby/site_ruby/shared/builtin/java/java.util.rb:7
   (root) at /home/haydenmint/Downloads/eclipse/configuration/org.eclipse.osgi/bundles/210/1/.cp/framework/ruble.rb:3
  require at org/jruby/RubyKernel.java:1038
   (root) at /home/haydenmint/Downloads/eclipse/configuration/org.eclipse.osgi/bundles/210/1/.cp/framework/ruble.rb:1
[Sun Apr 29 00:00:59 CDT 2012] [message] LoadError: no such file to load -- ruble/ui
  require at org/jruby/RubyKernel.java:1038
   (root) at /home/haydenmint/Downloads/eclipse/configuration/org.eclipse.osgi/bundles/201/1/.cp/framework/ruble/editor.rb:2
  require at org/jruby/RubyKernel.java:1038
   (root) at /home/haydenmint/Downloads/eclipse/configuration/org.eclipse.osgi/bundles/201/1/.cp/framework/ruble/editor.rb:4
     call at org/jruby/RubyProc.java:274
     call at org/jruby/RubyProc.java:229
     each at /home/haydenmint/Downloads/eclipse/plugins/org.jruby_1.6.4.1314386973/lib/ruby/site_ruby/shared/builtin/java/java.util.rb:7
   (root) at /home/haydenmint/Downloads/eclipse/configuration/org.eclipse.osgi/bundles/210/1/.cp/framework/ruble.rb:3
  require at org/jruby/RubyKernel.java:1038
   (root) at /home/haydenmint/Downloads/eclipse/configuration/org.eclipse.osgi/bundles/210/1/.cp/framework/ruble.rb:1
[Sun Apr 29 00:00:59 CDT 2012] [message] LoadError: no such file to load -- ruble/ui
  require at org/jruby/RubyKernel.java:1038
   (root) at /home/haydenmint/Downloads/eclipse/configuration/org.eclipse.osgi/bundles/201/1/.cp/framework/ruble/editor.rb:2
  require at org/jruby/RubyKernel.java:1038
   (root) at /home/haydenmint/Downloads/eclipse/configuration/org.eclipse.osgi/bundles/201/1/.cp/framework/ruble/editor.rb:4
     call at org/jruby/RubyProc.java:274
     call at org/jruby/RubyProc.java:229
     each at /home/haydenmint/Downloads/eclipse/plugins/org.jruby_1.6.4.1314386973/lib/ruby/site_ruby/shared/builtin/java/java.util.rb:7
   (root) at /home/haydenmint/Downloads/eclipse/configuration/org.eclipse.osgi/bundles/210/1/.cp/framework/ruble.rb:3
  require at org/jruby/RubyKernel.java:1038
   (root) at /home/haydenmint/Downloads/eclipse/configuration/org.eclipse.osgi/bundles/210/1/.cp/framework/ruble.rb:1
[Sun Apr 29 00:00:59 CDT 2012] [message] LoadError: no such file to load -- ruble/ui
  require at org/jruby/RubyKernel.java:1038
   (root) at /home/haydenmint/Downloads/eclipse/configuration/org.eclipse.osgi/bundles/201/1/.cp/framework/ruble/editor.rb:2
  require at org/jruby/RubyKernel.java:1038
   (root) at /home/haydenmint/Downloads/eclipse/configuration/org.eclipse.osgi/bundles/201/1/.cp/framework/ruble/editor.rb:4
     call at org/jruby/RubyProc.java:274
     call at org/jruby/RubyProc.java:229
     each at /home/haydenmint/Downloads/eclipse/plugins/org.jruby_1.6.4.1314386973/lib/ruby/site_ruby/shared/builtin/java/java.util.rb:7
   (root) at /home/haydenmint/Downloads/eclipse/configuration/org.eclipse.osgi/bundles/210/1/.cp/framework/ruble.rb:3
  require at org/jruby/RubyKernel.java:1038
   (root) at /home/haydenmint/Downloads/eclipse/configuration/org.eclipse.osgi/bundles/210/1/.cp/framework/ruble.rb:1
[Sun Apr 29 00:00:59 CDT 2012] [message] LoadError: no such file to load -- ruble/ui
  require at org/jruby/RubyKernel.java:1038
   (root) at /home/haydenmint/Downloads/eclipse/configuration/org.eclipse.osgi/bundles/201/1/.cp/framework/ruble/editor.rb:2
  require at org/jruby/RubyKernel.java:1038
   (root) at /home/haydenmint/Downloads/eclipse/configuration/org.eclipse.osgi/bundles/201/1/.cp/framework/ruble/editor.rb:4
     call at org/jruby/RubyProc.java:274
     call at org/jruby/RubyProc.java:229
     each at /home/haydenmint/Downloads/eclipse/plugins/org.jruby_1.6.4.1314386973/lib/ruby/site_ruby/shared/builtin/java/java.util.rb:7
   (root) at /home/haydenmint/Downloads/eclipse/configuration/org.eclipse.osgi/bundles/210/1/.cp/framework/ruble.rb:3
  require at org/jruby/RubyKernel.java:1038
   (root) at /home/haydenmint/Downloads/eclipse/configuration/org.eclipse.osgi/bundles/210/1/.cp/framework/ruble.rb:1
[Sun Apr 29 00:00:59 CDT 2012] [message] LoadError: no such file to load -- ruble/ui
  require at org/jruby/RubyKernel.java:1038
   (root) at /home/haydenmint/Downloads/eclipse/configuration/org.eclipse.osgi/bundles/201/1/.cp/framework/ruble/editor.rb:2
  require at org/jruby/RubyKernel.java:1038
   (root) at /home/haydenmint/Downloads/eclipse/configuration/org.eclipse.osgi/bundles/201/1/.cp/framework/ruble/editor.rb:4
     call at org/jruby/RubyProc.java:274
     call at org/jruby/RubyProc.java:229
     each at /home/haydenmint/Downloads/eclipse/plugins/org.jruby_1.6.4.1314386973/lib/ruby/site_ruby/shared/builtin/java/java.util.rb:7
   (root) at /home/haydenmint/Downloads/eclipse/configuration/org.eclipse.osgi/bundles/210/1/.cp/framework/ruble.rb:3
  require at org/jruby/RubyKernel.java:1038
   (root) at /home/haydenmint/Downloads/eclipse/configuration/org.eclipse.osgi/bundles/210/1/.cp/framework/ruble.rb:1
[Sun Apr 29 00:00:59 CDT 2012] [message] LoadError: no such file to load -- ruble/ui
  require at org/jruby/RubyKernel.java:1038
   (root) at /home/haydenmint/Downloads/eclipse/configuration/org.eclipse.osgi/bundles/201/1/.cp/framework/ruble/editor.rb:2
  require at org/jruby/RubyKernel.java:1038
   (root) at /home/haydenmint/Downloads/eclipse/configuration/org.eclipse.osgi/bundles/201/1/.cp/framework/ruble/editor.rb:4
     call at org/jruby/RubyProc.java:274
     call at org/jruby/RubyProc.java:229
     each at /home/haydenmint/Downloads/eclipse/plugins/org.jruby_1.6.4.1314386973/lib/ruby/site_ruby/shared/builtin/java/java.util.rb:7
   (root) at /home/haydenmint/Downloads/eclipse/configuration/org.eclipse.osgi/bundles/210/1/.cp/framework/ruble.rb:3
  require at org/jruby/RubyKernel.java:1038
   (root) at /home/haydenmint/Downloads/eclipse/configuration/org.eclipse.osgi/bundles/210/1/.cp/framework/ruble.rb:1
[Sun Apr 29 00:00:59 CDT 2012] [message] LoadError: no such file to load -- ruble/ui
  require at org/jruby/RubyKernel.java:1038
   (root) at /home/haydenmint/Downloads/eclipse/configuration/org.eclipse.osgi/bundles/201/1/.cp/framework/ruble/editor.rb:2
  require at org/jruby/RubyKernel.java:1038
   (root) at /home/haydenmint/Downloads/eclipse/configuration/org.eclipse.osgi/bundles/201/1/.cp/framework/ruble/editor.rb:4
     call at org/jruby/RubyProc.java:274
     call at org/jruby/RubyProc.java:229
     each at /home/haydenmint/Downloads/eclipse/plugins/org.jruby_1.6.4.1314386973/lib/ruby/site_ruby/shared/builtin/java/java.util.rb:7
   (root) at /home/haydenmint/Downloads/eclipse/configuration/org.eclipse.osgi/bundles/210/1/.cp/framework/ruble.rb:3
  require at org/jruby/RubyKernel.java:1038
   (root) at /home/haydenmint/Downloads/eclipse/configuration/org.eclipse.osgi/bundles/210/1/.cp/framework/ruble.rb:1
[Sun Apr 29 00:00:59 CDT 2012] [message] LoadError: no such file to load -- ruble/ui
  require at org/jruby/RubyKernel.java:1038
   (root) at /home/haydenmint/Downloads/eclipse/configuration/org.eclipse.osgi/bundles/201/1/.cp/framework/ruble/editor.rb:2
  require at org/jruby/RubyKernel.java:1038
   (root) at /home/haydenmint/Downloads/eclipse/configuration/org.eclipse.osgi/bundles/201/1/.cp/framework/ruble/editor.rb:4
     call at org/jruby/RubyProc.java:274
     call at org/jruby/RubyProc.java:229
     each at /home/haydenmint/Downloads/eclipse/plugins/org.jruby_1.6.4.1314386973/lib/ruby/site_ruby/shared/builtin/java/java.util.rb:7
   (root) at /home/haydenmint/Downloads/eclipse/configuration/org.eclipse.osgi/bundles/210/1/.cp/framework/ruble.rb:3
  require at org/jruby/RubyKernel.java:1038
   (root) at /home/haydenmint/Downloads/eclipse/configuration/org.eclipse.osgi/bundles/210/1/.cp/framework/ruble.rb:1
[Sun Apr 29 00:00:59 CDT 2012] [message] LoadError: no such file to load -- ruble/ui
  require at org/jruby/RubyKernel.java:1038
   (root) at /home/haydenmint/Downloads/eclipse/configuration/org.eclipse.osgi/bundles/201/1/.cp/framework/ruble/editor.rb:2
  require at org/jruby/RubyKernel.java:1038
   (root) at /home/haydenmint/Downloads/eclipse/configuration/org.eclipse.osgi/bundles/201/1/.cp/framework/ruble/editor.rb:4
     call at org/jruby/RubyProc.java:274
     call at org/jruby/RubyProc.java:229
     each at /home/haydenmint/Downloads/eclipse/plugins/org.jruby_1.6.4.1314386973/lib/ruby/site_ruby/shared/builtin/java/java.util.rb:7
   (root) at /home/haydenmint/Downloads/eclipse/configuration/org.eclipse.osgi/bundles/210/1/.cp/framework/ruble.rb:3
  require at org/jruby/RubyKernel.java:1038
   (root) at /home/haydenmint/Downloads/eclipse/configuration/org.eclipse.osgi/bundles/210/1/.cp/framework/ruble.rb:1
[Sun Apr 29 00:00:59 CDT 2012] [message] LoadError: no such file to load -- ruble/ui
  require at org/jruby/RubyKernel.java:1038
   (root) at /home/haydenmint/Downloads/eclipse/configuration/org.eclipse.osgi/bundles/201/1/.cp/framework/ruble/editor.rb:2
  require at org/jruby/RubyKernel.java:1038
   (root) at /home/haydenmint/Downloads/eclipse/configuration/org.eclipse.osgi/bundles/201/1/.cp/framework/ruble/editor.rb:4
     call at org/jruby/RubyProc.java:274
     call at org/jruby/RubyProc.java:229
     each at /home/haydenmint/Downloads/eclipse/plugins/org.jruby_1.6.4.1314386973/lib/ruby/site_ruby/shared/builtin/java/java.util.rb:7
   (root) at /home/haydenmint/Downloads/eclipse/configuration/org.eclipse.osgi/bundles/210/1/.cp/framework/ruble.rb:3
  require at org/jruby/RubyKernel.java:1038
   (root) at /home/haydenmint/Downloads/eclipse/configuration/org.eclipse.osgi/bundles/210/1/.cp/framework/ruble.rb:1
[Sun Apr 29 00:00:59 CDT 2012] [message] LoadError: no such file to load -- ruble/ui
  require at org/jruby/RubyKernel.java:1038
   (root) at /home/haydenmint/Downloads/eclipse/configuration/org.eclipse.osgi/bundles/201/1/.cp/framework/ruble/editor.rb:2
  require at org/jruby/RubyKernel.java:1038
   (root) at /home/haydenmint/Downloads/eclipse/configuration/org.eclipse.osgi/bundles/201/1/.cp/framework/ruble/editor.rb:4
     call at org/jruby/RubyProc.java:274
     call at org/jruby/RubyProc.java:229
     each at /home/haydenmint/Downloads/eclipse/plugins/org.jruby_1.6.4.1314386973/lib/ruby/site_ruby/shared/builtin/java/java.util.rb:7
   (root) at /home/haydenmint/Downloads/eclipse/configuration/org.eclipse.osgi/bundles/210/1/.cp/framework/ruble.rb:3
  require at org/jruby/RubyKernel.java:1038
   (root) at /home/haydenmint/Downloads/eclipse/configuration/org.eclipse.osgi/bundles/210/1/.cp/framework/ruble.rb:1
[Sun Apr 29 00:01:00 CDT 2012] [message] LoadError: no such file to load -- ruble/ui
  require at org/jruby/RubyKernel.java:1038
   (root) at /home/haydenmint/Downloads/eclipse/configuration/org.eclipse.osgi/bundles/201/1/.cp/framework/ruble/editor.rb:2
  require at org/jruby/RubyKernel.java:1038
   (root) at /home/haydenmint/Downloads/eclipse/configuration/org.eclipse.osgi/bundles/201/1/.cp/framework/ruble/editor.rb:4
     call at org/jruby/RubyProc.java:274
     call at org/jruby/RubyProc.java:229
     each at /home/haydenmint/Downloads/eclipse/plugins/org.jruby_1.6.4.1314386973/lib/ruby/site_ruby/shared/builtin/java/java.util.rb:7
   (root) at /home/haydenmint/Downloads/eclipse/configuration/org.eclipse.osgi/bundles/210/1/.cp/framework/ruble.rb:3
  require at org/jruby/RubyKernel.java:1038
   (root) at /home/haydenmint/Downloads/eclipse/configuration/org.eclipse.osgi/bundles/210/1/.cp/framework/ruble.rb:1
[Sun Apr 29 00:01:00 CDT 2012] [message] LoadError: no such file to load -- ruble/ui
  require at org/jruby/RubyKernel.java:1038
   (root) at /home/haydenmint/Downloads/eclipse/configuration/org.eclipse.osgi/bundles/201/1/.cp/framework/ruble/editor.rb:2
  require at org/jruby/RubyKernel.java:1038
   (root) at /home/haydenmint/Downloads/eclipse/configuration/org.eclipse.osgi/bundles/201/1/.cp/framework/ruble/editor.rb:4
     call at org/jruby/RubyProc.java:274
     call at org/jruby/RubyProc.java:229
     each at /home/haydenmint/Downloads/eclipse/plugins/org.jruby_1.6.4.1314386973/lib/ruby/site_ruby/shared/builtin/java/java.util.rb:7
   (root) at /home/haydenmint/Downloads/eclipse/configuration/org.eclipse.osgi/bundles/210/1/.cp/framework/ruble.rb:3
  require at org/jruby/RubyKernel.java:1038
   (root) at /home/haydenmint/Downloads/eclipse/configuration/org.eclipse.osgi/bundles/210/1/.cp/framework/ruble.rb:1
[Sun Apr 29 00:01:00 CDT 2012] [message] LoadError: no such file to load -- ruble/ui
  require at org/jruby/RubyKernel.java:1038
   (root) at /home/haydenmint/Downloads/eclipse/configuration/org.eclipse.osgi/bundles/201/1/.cp/framework/ruble/editor.rb:2
  require at org/jruby/RubyKernel.java:1038
   (root) at /home/haydenmint/Downloads/eclipse/configuration/org.eclipse.osgi/bundles/201/1/.cp/framework/ruble/editor.rb:4
     call at org/jruby/RubyProc.java:274
     call at org/jruby/RubyProc.java:229
     each at /home/haydenmint/Downloads/eclipse/plugins/org.jruby_1.6.4.1314386973/lib/ruby/site_ruby/shared/builtin/java/java.util.rb:7
   (root) at /home/haydenmint/Downloads/eclipse/configuration/org.eclipse.osgi/bundles/210/1/.cp/framework/ruble.rb:3
  require at org/jruby/RubyKernel.java:1038
   (root) at /home/haydenmint/Downloads/eclipse/configuration/org.eclipse.osgi/bundles/210/1/.cp/framework/ruble.rb:1
[Sun Apr 29 00:06:53 CDT 2012] [warning] Language dir not found: /home/haydenmint/workspace/JagTrack/../UserLanguage
[Sun Apr 29 00:06:58 CDT 2012] [message] Error Loading DDMS Preferences
[Sun Apr 29 00:07:00 CDT 2012] [message] LoadError: no such file to load -- ruble/ui
  require at org/jruby/RubyKernel.java:1038
   (root) at /home/haydenmint/Downloads/eclipse/configuration/org.eclipse.osgi/bundles/201/1/.cp/framework/ruble/editor.rb:2
  require at org/jruby/RubyKernel.java:1038
   (root) at /home/haydenmint/Downloads/eclipse/configuration/org.eclipse.osgi/bundles/201/1/.cp/framework/ruble/editor.rb:4
     call at org/jruby/RubyProc.java:274
     call at org/jruby/RubyProc.java:229
     each at /home/haydenmint/Downloads/eclipse/plugins/org.jruby_1.6.4.1314386973/lib/ruby/site_ruby/shared/builtin/java/java.util.rb:7
   (root) at /home/haydenmint/Downloads/eclipse/configuration/org.eclipse.osgi/bundles/210/1/.cp/framework/ruble.rb:3
  require at org/jruby/RubyKernel.java:1038
   (root) at /home/haydenmint/Downloads/eclipse/configuration/org.eclipse.osgi/bundles/210/1/.cp/framework/ruble.rb:1
[Sun Apr 29 00:07:00 CDT 2012] [message] LoadError: no such file to load -- ruble/ui
  require at org/jruby/RubyKernel.java:1038
   (root) at /home/haydenmint/Downloads/eclipse/configuration/org.eclipse.osgi/bundles/201/1/.cp/framework/ruble/editor.rb:2
  require at org/jruby/RubyKernel.java:1038
   (root) at /home/haydenmint/Downloads/eclipse/configuration/org.eclipse.osgi/bundles/201/1/.cp/framework/ruble/editor.rb:4
     call at org/jruby/RubyProc.java:274
     call at org/jruby/RubyProc.java:229
     each at /home/haydenmint/Downloads/eclipse/plugins/org.jruby_1.6.4.1314386973/lib/ruby/site_ruby/shared/builtin/java/java.util.rb:7
   (root) at /home/haydenmint/Downloads/eclipse/configuration/org.eclipse.osgi/bundles/210/1/.cp/framework/ruble.rb:3
  require at org/jruby/RubyKernel.java:1038
   (root) at /home/haydenmint/Downloads/eclipse/configuration/org.eclipse.osgi/bundles/210/1/.cp/framework/ruble.rb:1
[Sun Apr 29 00:07:00 CDT 2012] [message] LoadError: no such file to load -- ruble/ui
  require at org/jruby/RubyKernel.java:1038
   (root) at /home/haydenmint/Downloads/eclipse/configuration/org.eclipse.osgi/bundles/201/1/.cp/framework/ruble/editor.rb:2
  require at org/jruby/RubyKernel.java:1038
   (root) at /home/haydenmint/Downloads/eclipse/configuration/org.eclipse.osgi/bundles/201/1/.cp/framework/ruble/editor.rb:4
     call at org/jruby/RubyProc.java:274
     call at org/jruby/RubyProc.java:229
     each at /home/haydenmint/Downloads/eclipse/plugins/org.jruby_1.6.4.1314386973/lib/ruby/site_ruby/shared/builtin/java/java.util.rb:7
   (root) at /home/haydenmint/Downloads/eclipse/configuration/org.eclipse.osgi/bundles/210/1/.cp/framework/ruble.rb:3
  require at org/jruby/RubyKernel.java:1038
   (root) at /home/haydenmint/Downloads/eclipse/configuration/org.eclipse.osgi/bundles/210/1/.cp/framework/ruble.rb:1
[Sun Apr 29 00:07:00 CDT 2012] [message] LoadError: no such file to load -- ruble/ui
  require at org/jruby/RubyKernel.java:1038
   (root) at /home/haydenmint/Downloads/eclipse/configuration/org.eclipse.osgi/bundles/201/1/.cp/framework/ruble/editor.rb:2
  require at org/jruby/RubyKernel.java:1038
   (root) at /home/haydenmint/Downloads/eclipse/configuration/org.eclipse.osgi/bundles/201/1/.cp/framework/ruble/editor.rb:4
     call at org/jruby/RubyProc.java:274
     call at org/jruby/RubyProc.java:229
     each at /home/haydenmint/Downloads/eclipse/plugins/org.jruby_1.6.4.1314386973/lib/ruby/site_ruby/shared/builtin/java/java.util.rb:7
   (root) at /home/haydenmint/Downloads/eclipse/configuration/org.eclipse.osgi/bundles/210/1/.cp/framework/ruble.rb:3
  require at org/jruby/RubyKernel.java:1038
   (root) at /home/haydenmint/Downloads/eclipse/configuration/org.eclipse.osgi/bundles/210/1/.cp/framework/ruble.rb:1
[Sun Apr 29 00:07:00 CDT 2012] [message] LoadError: no such file to load -- ruble/ui
  require at org/jruby/RubyKernel.java:1038
   (root) at /home/haydenmint/Downloads/eclipse/configuration/org.eclipse.osgi/bundles/201/1/.cp/framework/ruble/editor.rb:2
  require at org/jruby/RubyKernel.java:1038
   (root) at /home/haydenmint/Downloads/eclipse/configuration/org.eclipse.osgi/bundles/201/1/.cp/framework/ruble/editor.rb:4
     call at org/jruby/RubyProc.java:274
     call at org/jruby/RubyProc.java:229
     each at /home/haydenmint/Downloads/eclipse/plugins/org.jruby_1.6.4.1314386973/lib/ruby/site_ruby/shared/builtin/java/java.util.rb:7
   (root) at /home/haydenmint/Downloads/eclipse/configuration/org.eclipse.osgi/bundles/210/1/.cp/framework/ruble.rb:3
  require at org/jruby/RubyKernel.java:1038
   (root) at /home/haydenmint/Downloads/eclipse/configuration/org.eclipse.osgi/bundles/210/1/.cp/framework/ruble.rb:1
[Sun Apr 29 00:07:00 CDT 2012] [message] LoadError: no such file to load -- ruble/ui
  require at org/jruby/RubyKernel.java:1038
   (root) at /home/haydenmint/Downloads/eclipse/configuration/org.eclipse.osgi/bundles/201/1/.cp/framework/ruble/editor.rb:2
  require at org/jruby/RubyKernel.java:1038
   (root) at /home/haydenmint/Downloads/eclipse/configuration/org.eclipse.osgi/bundles/201/1/.cp/framework/ruble/editor.rb:4
     call at org/jruby/RubyProc.java:274
     call at org/jruby/RubyProc.java:229
     each at /home/haydenmint/Downloads/eclipse/plugins/org.jruby_1.6.4.1314386973/lib/ruby/site_ruby/shared/builtin/java/java.util.rb:7
   (root) at /home/haydenmint/Downloads/eclipse/configuration/org.eclipse.osgi/bundles/210/1/.cp/framework/ruble.rb:3
  require at org/jruby/RubyKernel.java:1038
   (root) at /home/haydenmint/Downloads/eclipse/configuration/org.eclipse.osgi/bundles/210/1/.cp/framework/ruble.rb:1
[Sun Apr 29 00:07:00 CDT 2012] [message] LoadError: no such file to load -- ruble/ui
  require at org/jruby/RubyKernel.java:1038
   (root) at /home/haydenmint/Downloads/eclipse/configuration/org.eclipse.osgi/bundles/201/1/.cp/framework/ruble/editor.rb:2
  require at org/jruby/RubyKernel.java:1038
   (root) at /home/haydenmint/Downloads/eclipse/configuration/org.eclipse.osgi/bundles/201/1/.cp/framework/ruble/editor.rb:4
     call at org/jruby/RubyProc.java:274
     call at org/jruby/RubyProc.java:229
     each at /home/haydenmint/Downloads/eclipse/plugins/org.jruby_1.6.4.1314386973/lib/ruby/site_ruby/shared/builtin/java/java.util.rb:7
   (root) at /home/haydenmint/Downloads/eclipse/configuration/org.eclipse.osgi/bundles/210/1/.cp/framework/ruble.rb:3
  require at org/jruby/RubyKernel.java:1038
   (root) at /home/haydenmint/Downloads/eclipse/configuration/org.eclipse.osgi/bundles/210/1/.cp/framework/ruble.rb:1
[Sun Apr 29 00:07:00 CDT 2012] [message] LoadError: no such file to load -- ruble/ui
  require at org/jruby/RubyKernel.java:1038
   (root) at /home/haydenmint/Downloads/eclipse/configuration/org.eclipse.osgi/bundles/201/1/.cp/framework/ruble/editor.rb:2
  require at org/jruby/RubyKernel.java:1038
   (root) at /home/haydenmint/Downloads/eclipse/configuration/org.eclipse.osgi/bundles/201/1/.cp/framework/ruble/editor.rb:4
     call at org/jruby/RubyProc.java:274
     call at org/jruby/RubyProc.java:229
     each at /home/haydenmint/Downloads/eclipse/plugins/org.jruby_1.6.4.1314386973/lib/ruby/site_ruby/shared/builtin/java/java.util.rb:7
   (root) at /home/haydenmint/Downloads/eclipse/configuration/org.eclipse.osgi/bundles/210/1/.cp/framework/ruble.rb:3
  require at org/jruby/RubyKernel.java:1038
   (root) at /home/haydenmint/Downloads/eclipse/configuration/org.eclipse.osgi/bundles/210/1/.cp/framework/ruble.rb:1
[Sun Apr 29 00:07:00 CDT 2012] [message] LoadError: no such file to load -- ruble/ui
  require at org/jruby/RubyKernel.java:1038
   (root) at /home/haydenmint/Downloads/eclipse/configuration/org.eclipse.osgi/bundles/201/1/.cp/framework/ruble/editor.rb:2
  require at org/jruby/RubyKernel.java:1038
   (root) at /home/haydenmint/Downloads/eclipse/configuration/org.eclipse.osgi/bundles/201/1/.cp/framework/ruble/editor.rb:4
     call at org/jruby/RubyProc.java:274
     call at org/jruby/RubyProc.java:229
     each at /home/haydenmint/Downloads/eclipse/plugins/org.jruby_1.6.4.1314386973/lib/ruby/site_ruby/shared/builtin/java/java.util.rb:7
   (root) at /home/haydenmint/Downloads/eclipse/configuration/org.eclipse.osgi/bundles/210/1/.cp/framework/ruble.rb:3
  require at org/jruby/RubyKernel.java:1038
   (root) at /home/haydenmint/Downloads/eclipse/configuration/org.eclipse.osgi/bundles/210/1/.cp/framework/ruble.rb:1
[Sun Apr 29 00:07:00 CDT 2012] [message] LoadError: no such file to load -- ruble/ui
  require at org/jruby/RubyKernel.java:1038
   (root) at /home/haydenmint/Downloads/eclipse/configuration/org.eclipse.osgi/bundles/201/1/.cp/framework/ruble/editor.rb:2
  require at org/jruby/RubyKernel.java:1038
   (root) at /home/haydenmint/Downloads/eclipse/configuration/org.eclipse.osgi/bundles/201/1/.cp/framework/ruble/editor.rb:4
     call at org/jruby/RubyProc.java:274
     call at org/jruby/RubyProc.java:229
     each at /home/haydenmint/Downloads/eclipse/plugins/org.jruby_1.6.4.1314386973/lib/ruby/site_ruby/shared/builtin/java/java.util.rb:7
   (root) at /home/haydenmint/Downloads/eclipse/configuration/org.eclipse.osgi/bundles/210/1/.cp/framework/ruble.rb:3
  require at org/jruby/RubyKernel.java:1038
   (root) at /home/haydenmint/Downloads/eclipse/configuration/org.eclipse.osgi/bundles/210/1/.cp/framework/ruble.rb:1
[Sun Apr 29 00:07:00 CDT 2012] [message] LoadError: no such file to load -- ruble/ui
  require at org/jruby/RubyKernel.java:1038
   (root) at /home/haydenmint/Downloads/eclipse/configuration/org.eclipse.osgi/bundles/201/1/.cp/framework/ruble/editor.rb:2
  require at org/jruby/RubyKernel.java:1038
   (root) at /home/haydenmint/Downloads/eclipse/configuration/org.eclipse.osgi/bundles/201/1/.cp/framework/ruble/editor.rb:4
     call at org/jruby/RubyProc.java:274
     call at org/jruby/RubyProc.java:229
     each at /home/haydenmint/Downloads/eclipse/plugins/org.jruby_1.6.4.1314386973/lib/ruby/site_ruby/shared/builtin/java/java.util.rb:7
   (root) at /home/haydenmint/Downloads/eclipse/configuration/org.eclipse.osgi/bundles/210/1/.cp/framework/ruble.rb:3
  require at org/jruby/RubyKernel.java:1038
   (root) at /home/haydenmint/Downloads/eclipse/configuration/org.eclipse.osgi/bundles/210/1/.cp/framework/ruble.rb:1
[Sun Apr 29 00:07:01 CDT 2012] [message] LoadError: no such file to load -- ruble/ui
  require at org/jruby/RubyKernel.java:1038
   (root) at /home/haydenmint/Downloads/eclipse/configuration/org.eclipse.osgi/bundles/201/1/.cp/framework/ruble/editor.rb:2
  require at org/jruby/RubyKernel.java:1038
   (root) at /home/haydenmint/Downloads/eclipse/configuration/org.eclipse.osgi/bundles/201/1/.cp/framework/ruble/editor.rb:4
     call at org/jruby/RubyProc.java:274
     call at org/jruby/RubyProc.java:229
     each at /home/haydenmint/Downloads/eclipse/plugins/org.jruby_1.6.4.1314386973/lib/ruby/site_ruby/shared/builtin/java/java.util.rb:7
   (root) at /home/haydenmint/Downloads/eclipse/configuration/org.eclipse.osgi/bundles/210/1/.cp/framework/ruble.rb:3
  require at org/jruby/RubyKernel.java:1038
   (root) at /home/haydenmint/Downloads/eclipse/configuration/org.eclipse.osgi/bundles/210/1/.cp/framework/ruble.rb:1
[Sun Apr 29 00:07:01 CDT 2012] [message] LoadError: no such file to load -- ruble/ui
  require at org/jruby/RubyKernel.java:1038
   (root) at /home/haydenmint/Downloads/eclipse/configuration/org.eclipse.osgi/bundles/201/1/.cp/framework/ruble/editor.rb:2
  require at org/jruby/RubyKernel.java:1038
   (root) at /home/haydenmint/Downloads/eclipse/configuration/org.eclipse.osgi/bundles/201/1/.cp/framework/ruble/editor.rb:4
     call at org/jruby/RubyProc.java:274
     call at org/jruby/RubyProc.java:229
     each at /home/haydenmint/Downloads/eclipse/plugins/org.jruby_1.6.4.1314386973/lib/ruby/site_ruby/shared/builtin/java/java.util.rb:7
   (root) at /home/haydenmint/Downloads/eclipse/configuration/org.eclipse.osgi/bundles/210/1/.cp/framework/ruble.rb:3
  require at org/jruby/RubyKernel.java:1038
   (root) at /home/haydenmint/Downloads/eclipse/configuration/org.eclipse.osgi/bundles/210/1/.cp/framework/ruble.rb:1
[Sun Apr 29 00:07:01 CDT 2012] [message] LoadError: no such file to load -- ruble/ui
  require at org/jruby/RubyKernel.java:1038
   (root) at /home/haydenmint/Downloads/eclipse/configuration/org.eclipse.osgi/bundles/201/1/.cp/framework/ruble/editor.rb:2
  require at org/jruby/RubyKernel.java:1038
   (root) at /home/haydenmint/Downloads/eclipse/configuration/org.eclipse.osgi/bundles/201/1/.cp/framework/ruble/editor.rb:4
     call at org/jruby/RubyProc.java:274
     call at org/jruby/RubyProc.java:229
     each at /home/haydenmint/Downloads/eclipse/plugins/org.jruby_1.6.4.1314386973/lib/ruby/site_ruby/shared/builtin/java/java.util.rb:7
   (root) at /home/haydenmint/Downloads/eclipse/configuration/org.eclipse.osgi/bundles/210/1/.cp/framework/ruble.rb:3
  require at org/jruby/RubyKernel.java:1038
   (root) at /home/haydenmint/Downloads/eclipse/configuration/org.eclipse.osgi/bundles/210/1/.cp/framework/ruble.rb:1
[Sun Apr 29 00:07:01 CDT 2012] [message] LoadError: no such file to load -- ruble/ui
  require at org/jruby/RubyKernel.java:1038
   (root) at /home/haydenmint/Downloads/eclipse/configuration/org.eclipse.osgi/bundles/201/1/.cp/framework/ruble/editor.rb:2
  require at org/jruby/RubyKernel.java:1038
   (root) at /home/haydenmint/Downloads/eclipse/configuration/org.eclipse.osgi/bundles/201/1/.cp/framework/ruble/editor.rb:4
     call at org/jruby/RubyProc.java:274
     call at org/jruby/RubyProc.java:229
     each at /home/haydenmint/Downloads/eclipse/plugins/org.jruby_1.6.4.1314386973/lib/ruby/site_ruby/shared/builtin/java/java.util.rb:7
   (root) at /home/haydenmint/Downloads/eclipse/configuration/org.eclipse.osgi/bundles/210/1/.cp/framework/ruble.rb:3
  require at org/jruby/RubyKernel.java:1038
   (root) at /home/haydenmint/Downloads/eclipse/configuration/org.eclipse.osgi/bundles/210/1/.cp/framework/ruble.rb:1
[Sun Apr 29 00:07:01 CDT 2012] [message] LoadError: no such file to load -- ruble/ui
  require at org/jruby/RubyKernel.java:1038
   (root) at /home/haydenmint/Downloads/eclipse/configuration/org.eclipse.osgi/bundles/201/1/.cp/framework/ruble/editor.rb:2
  require at org/jruby/RubyKernel.java:1038
   (root) at /home/haydenmint/Downloads/eclipse/configuration/org.eclipse.osgi/bundles/201/1/.cp/framework/ruble/editor.rb:4
     call at org/jruby/RubyProc.java:274
     call at org/jruby/RubyProc.java:229
     each at /home/haydenmint/Downloads/eclipse/plugins/org.jruby_1.6.4.1314386973/lib/ruby/site_ruby/shared/builtin/java/java.util.rb:7
   (root) at /home/haydenmint/Downloads/eclipse/configuration/org.eclipse.osgi/bundles/210/1/.cp/framework/ruble.rb:3
  require at org/jruby/RubyKernel.java:1038
   (root) at /home/haydenmint/Downloads/eclipse/configuration/org.eclipse.osgi/bundles/210/1/.cp/framework/ruble.rb:1
[Sun Apr 29 00:07:01 CDT 2012] [message] LoadError: no such file to load -- ruble/ui
  require at org/jruby/RubyKernel.java:1038
   (root) at /home/haydenmint/Downloads/eclipse/configuration/org.eclipse.osgi/bundles/201/1/.cp/framework/ruble/editor.rb:2
  require at org/jruby/RubyKernel.java:1038
   (root) at /home/haydenmint/Downloads/eclipse/configuration/org.eclipse.osgi/bundles/201/1/.cp/framework/ruble/editor.rb:4
     call at org/jruby/RubyProc.java:274
     call at org/jruby/RubyProc.java:229
     each at /home/haydenmint/Downloads/eclipse/plugins/org.jruby_1.6.4.1314386973/lib/ruby/site_ruby/shared/builtin/java/java.util.rb:7
   (root) at /home/haydenmint/Downloads/eclipse/configuration/org.eclipse.osgi/bundles/210/1/.cp/framework/ruble.rb:3
  require at org/jruby/RubyKernel.java:1038
   (root) at /home/haydenmint/Downloads/eclipse/configuration/org.eclipse.osgi/bundles/210/1/.cp/framework/ruble.rb:1
[Sun Apr 29 00:07:01 CDT 2012] [message] LoadError: no such file to load -- ruble/ui
  require at org/jruby/RubyKernel.java:1038
   (root) at /home/haydenmint/Downloads/eclipse/configuration/org.eclipse.osgi/bundles/201/1/.cp/framework/ruble/editor.rb:2
  require at org/jruby/RubyKernel.java:1038
   (root) at /home/haydenmint/Downloads/eclipse/configuration/org.eclipse.osgi/bundles/201/1/.cp/framework/ruble/editor.rb:4
     call at org/jruby/RubyProc.java:274
     call at org/jruby/RubyProc.java:229
     each at /home/haydenmint/Downloads/eclipse/plugins/org.jruby_1.6.4.1314386973/lib/ruby/site_ruby/shared/builtin/java/java.util.rb:7
   (root) at /home/haydenmint/Downloads/eclipse/configuration/org.eclipse.osgi/bundles/210/1/.cp/framework/ruble.rb:3
  require at org/jruby/RubyKernel.java:1038
   (root) at /home/haydenmint/Downloads/eclipse/configuration/org.eclipse.osgi/bundles/210/1/.cp/framework/ruble.rb:1
[Sun Apr 29 00:07:01 CDT 2012] [message] LoadError: no such file to load -- ruble/ui
  require at org/jruby/RubyKernel.java:1038
   (root) at /home/haydenmint/Downloads/eclipse/configuration/org.eclipse.osgi/bundles/201/1/.cp/framework/ruble/editor.rb:2
  require at org/jruby/RubyKernel.java:1038
   (root) at /home/haydenmint/Downloads/eclipse/configuration/org.eclipse.osgi/bundles/201/1/.cp/framework/ruble/editor.rb:4
     call at org/jruby/RubyProc.java:274
     call at org/jruby/RubyProc.java:229
     each at /home/haydenmint/Downloads/eclipse/plugins/org.jruby_1.6.4.1314386973/lib/ruby/site_ruby/shared/builtin/java/java.util.rb:7
   (root) at /home/haydenmint/Downloads/eclipse/configuration/org.eclipse.osgi/bundles/210/1/.cp/framework/ruble.rb:3
  require at org/jruby/RubyKernel.java:1038
   (root) at /home/haydenmint/Downloads/eclipse/configuration/org.eclipse.osgi/bundles/210/1/.cp/framework/ruble.rb:1
[Sun Apr 29 00:07:01 CDT 2012] [message] LoadError: no such file to load -- ruble/ui
  require at org/jruby/RubyKernel.java:1038
   (root) at /home/haydenmint/Downloads/eclipse/configuration/org.eclipse.osgi/bundles/201/1/.cp/framework/ruble/editor.rb:2
  require at org/jruby/RubyKernel.java:1038
   (root) at /home/haydenmint/Downloads/eclipse/configuration/org.eclipse.osgi/bundles/201/1/.cp/framework/ruble/editor.rb:4
     call at org/jruby/RubyProc.java:274
     call at org/jruby/RubyProc.java:229
     each at /home/haydenmint/Downloads/eclipse/plugins/org.jruby_1.6.4.1314386973/lib/ruby/site_ruby/shared/builtin/java/java.util.rb:7
   (root) at /home/haydenmint/Downloads/eclipse/configuration/org.eclipse.osgi/bundles/210/1/.cp/framework/ruble.rb:3
  require at org/jruby/RubyKernel.java:1038
   (root) at /home/haydenmint/Downloads/eclipse/configuration/org.eclipse.osgi/bundles/210/1/.cp/framework/ruble.rb:1
[Sun Apr 29 00:07:01 CDT 2012] [message] LoadError: no such file to load -- ruble/ui
  require at org/jruby/RubyKernel.java:1038
   (root) at /home/haydenmint/Downloads/eclipse/configuration/org.eclipse.osgi/bundles/201/1/.cp/framework/ruble/editor.rb:2
  require at org/jruby/RubyKernel.java:1038
   (root) at /home/haydenmint/Downloads/eclipse/configuration/org.eclipse.osgi/bundles/201/1/.cp/framework/ruble/editor.rb:4
     call at org/jruby/RubyProc.java:274
     call at org/jruby/RubyProc.java:229
     each at /home/haydenmint/Downloads/eclipse/plugins/org.jruby_1.6.4.1314386973/lib/ruby/site_ruby/shared/builtin/java/java.util.rb:7
   (root) at /home/haydenmint/Downloads/eclipse/configuration/org.eclipse.osgi/bundles/210/1/.cp/framework/ruble.rb:3
  require at org/jruby/RubyKernel.java:1038
   (root) at /home/haydenmint/Downloads/eclipse/configuration/org.eclipse.osgi/bundles/210/1/.cp/framework/ruble.rb:1
[Sun Apr 29 00:07:01 CDT 2012] [message] LoadError: no such file to load -- ruble/ui
  require at org/jruby/RubyKernel.java:1038
   (root) at /home/haydenmint/Downloads/eclipse/configuration/org.eclipse.osgi/bundles/201/1/.cp/framework/ruble/editor.rb:2
  require at org/jruby/RubyKernel.java:1038
   (root) at /home/haydenmint/Downloads/eclipse/configuration/org.eclipse.osgi/bundles/201/1/.cp/framework/ruble/editor.rb:4
     call at org/jruby/RubyProc.java:274
     call at org/jruby/RubyProc.java:229
     each at /home/haydenmint/Downloads/eclipse/plugins/org.jruby_1.6.4.1314386973/lib/ruby/site_ruby/shared/builtin/java/java.util.rb:7
   (root) at /home/haydenmint/Downloads/eclipse/configuration/org.eclipse.osgi/bundles/210/1/.cp/framework/ruble.rb:3
  require at org/jruby/RubyKernel.java:1038
   (root) at /home/haydenmint/Downloads/eclipse/configuration/org.eclipse.osgi/bundles/210/1/.cp/framework/ruble.rb:1
[Sun Apr 29 00:07:01 CDT 2012] [message] LoadError: no such file to load -- ruble/ui
  require at org/jruby/RubyKernel.java:1038
   (root) at /home/haydenmint/Downloads/eclipse/configuration/org.eclipse.osgi/bundles/201/1/.cp/framework/ruble/editor.rb:2
  require at org/jruby/RubyKernel.java:1038
   (root) at /home/haydenmint/Downloads/eclipse/configuration/org.eclipse.osgi/bundles/201/1/.cp/framework/ruble/editor.rb:4
     call at org/jruby/RubyProc.java:274
     call at org/jruby/RubyProc.java:229
     each at /home/haydenmint/Downloads/eclipse/plugins/org.jruby_1.6.4.1314386973/lib/ruby/site_ruby/shared/builtin/java/java.util.rb:7
   (root) at /home/haydenmint/Downloads/eclipse/configuration/org.eclipse.osgi/bundles/210/1/.cp/framework/ruble.rb:3
  require at org/jruby/RubyKernel.java:1038
   (root) at /home/haydenmint/Downloads/eclipse/configuration/org.eclipse.osgi/bundles/210/1/.cp/framework/ruble.rb:1
[Sun Apr 29 00:07:01 CDT 2012] [message] LoadError: no such file to load -- ruble/ui
  require at org/jruby/RubyKernel.java:1038
   (root) at /home/haydenmint/Downloads/eclipse/configuration/org.eclipse.osgi/bundles/201/1/.cp/framework/ruble/editor.rb:2
  require at org/jruby/RubyKernel.java:1038
   (root) at /home/haydenmint/Downloads/eclipse/configuration/org.eclipse.osgi/bundles/201/1/.cp/framework/ruble/editor.rb:4
     call at org/jruby/RubyProc.java:274
     call at org/jruby/RubyProc.java:229
     each at /home/haydenmint/Downloads/eclipse/plugins/org.jruby_1.6.4.1314386973/lib/ruby/site_ruby/shared/builtin/java/java.util.rb:7
   (root) at /home/haydenmint/Downloads/eclipse/configuration/org.eclipse.osgi/bundles/210/1/.cp/framework/ruble.rb:3
  require at org/jruby/RubyKernel.java:1038
   (root) at /home/haydenmint/Downloads/eclipse/configuration/org.eclipse.osgi/bundles/210/1/.cp/framework/ruble.rb:1
[Sun Apr 29 00:07:01 CDT 2012] [message] LoadError: no such file to load -- ruble/ui
  require at org/jruby/RubyKernel.java:1038
   (root) at /home/haydenmint/Downloads/eclipse/configuration/org.eclipse.osgi/bundles/201/1/.cp/framework/ruble/editor.rb:2
  require at org/jruby/RubyKernel.java:1038
   (root) at /home/haydenmint/Downloads/eclipse/configuration/org.eclipse.osgi/bundles/201/1/.cp/framework/ruble/editor.rb:4
     call at org/jruby/RubyProc.java:274
     call at org/jruby/RubyProc.java:229
     each at /home/haydenmint/Downloads/eclipse/plugins/org.jruby_1.6.4.1314386973/lib/ruby/site_ruby/shared/builtin/java/java.util.rb:7
   (root) at /home/haydenmint/Downloads/eclipse/configuration/org.eclipse.osgi/bundles/210/1/.cp/framework/ruble.rb:3
  require at org/jruby/RubyKernel.java:1038
   (root) at /home/haydenmint/Downloads/eclipse/configuration/org.eclipse.osgi/bundles/210/1/.cp/framework/ruble.rb:1
[Sun Apr 29 00:07:01 CDT 2012] [message] LoadError: no such file to load -- ruble/ui
  require at org/jruby/RubyKernel.java:1038
   (root) at /home/haydenmint/Downloads/eclipse/configuration/org.eclipse.osgi/bundles/201/1/.cp/framework/ruble/editor.rb:2
  require at org/jruby/RubyKernel.java:1038
   (root) at /home/haydenmint/Downloads/eclipse/configuration/org.eclipse.osgi/bundles/201/1/.cp/framework/ruble/editor.rb:4
     call at org/jruby/RubyProc.java:274
     call at org/jruby/RubyProc.java:229
     each at /home/haydenmint/Downloads/eclipse/plugins/org.jruby_1.6.4.1314386973/lib/ruby/site_ruby/shared/builtin/java/java.util.rb:7
   (root) at /home/haydenmint/Downloads/eclipse/configuration/org.eclipse.osgi/bundles/210/1/.cp/framework/ruble.rb:3
  require at org/jruby/RubyKernel.java:1038
   (root) at /home/haydenmint/Downloads/eclipse/configuration/org.eclipse.osgi/bundles/210/1/.cp/framework/ruble.rb:1
[Sun Apr 29 00:07:01 CDT 2012] [message] LoadError: no such file to load -- ruble/ui
  require at org/jruby/RubyKernel.java:1038
   (root) at /home/haydenmint/Downloads/eclipse/configuration/org.eclipse.osgi/bundles/201/1/.cp/framework/ruble/editor.rb:2
  require at org/jruby/RubyKernel.java:1038
   (root) at /home/haydenmint/Downloads/eclipse/configuration/org.eclipse.osgi/bundles/201/1/.cp/framework/ruble/editor.rb:4
     call at org/jruby/RubyProc.java:274
     call at org/jruby/RubyProc.java:229
     each at /home/haydenmint/Downloads/eclipse/plugins/org.jruby_1.6.4.1314386973/lib/ruby/site_ruby/shared/builtin/java/java.util.rb:7
   (root) at /home/haydenmint/Downloads/eclipse/configuration/org.eclipse.osgi/bundles/210/1/.cp/framework/ruble.rb:3
  require at org/jruby/RubyKernel.java:1038
   (root) at /home/haydenmint/Downloads/eclipse/configuration/org.eclipse.osgi/bundles/210/1/.cp/framework/ruble.rb:1
[Sun Apr 29 00:07:01 CDT 2012] [message] LoadError: no such file to load -- ruble/ui
  require at org/jruby/RubyKernel.java:1038
   (root) at /home/haydenmint/Downloads/eclipse/configuration/org.eclipse.osgi/bundles/201/1/.cp/framework/ruble/editor.rb:2
  require at org/jruby/RubyKernel.java:1038
   (root) at /home/haydenmint/Downloads/eclipse/configuration/org.eclipse.osgi/bundles/201/1/.cp/framework/ruble/editor.rb:4
     call at org/jruby/RubyProc.java:274
     call at org/jruby/RubyProc.java:229
     each at /home/haydenmint/Downloads/eclipse/plugins/org.jruby_1.6.4.1314386973/lib/ruby/site_ruby/shared/builtin/java/java.util.rb:7
   (root) at /home/haydenmint/Downloads/eclipse/configuration/org.eclipse.osgi/bundles/210/1/.cp/framework/ruble.rb:3
  require at org/jruby/RubyKernel.java:1038
   (root) at /home/haydenmint/Downloads/eclipse/configuration/org.eclipse.osgi/bundles/210/1/.cp/framework/ruble.rb:1
[Sun Apr 29 00:07:01 CDT 2012] [message] LoadError: no such file to load -- ruble/ui
  require at org/jruby/RubyKernel.java:1038
   (root) at /home/haydenmint/Downloads/eclipse/configuration/org.eclipse.osgi/bundles/201/1/.cp/framework/ruble/editor.rb:2
  require at org/jruby/RubyKernel.java:1038
   (root) at /home/haydenmint/Downloads/eclipse/configuration/org.eclipse.osgi/bundles/201/1/.cp/framework/ruble/editor.rb:4
     call at org/jruby/RubyProc.java:274
     call at org/jruby/RubyProc.java:229
     each at /home/haydenmint/Downloads/eclipse/plugins/org.jruby_1.6.4.1314386973/lib/ruby/site_ruby/shared/builtin/java/java.util.rb:7
   (root) at /home/haydenmint/Downloads/eclipse/configuration/org.eclipse.osgi/bundles/210/1/.cp/framework/ruble.rb:3
  require at org/jruby/RubyKernel.java:1038
   (root) at /home/haydenmint/Downloads/eclipse/configuration/org.eclipse.osgi/bundles/210/1/.cp/framework/ruble.rb:1
[Sun Apr 29 00:07:01 CDT 2012] [message] LoadError: no such file to load -- ruble/ui
  require at org/jruby/RubyKernel.java:1038
   (root) at /home/haydenmint/Downloads/eclipse/configuration/org.eclipse.osgi/bundles/201/1/.cp/framework/ruble/editor.rb:2
  require at org/jruby/RubyKernel.java:1038
   (root) at /home/haydenmint/Downloads/eclipse/configuration/org.eclipse.osgi/bundles/201/1/.cp/framework/ruble/editor.rb:4
     call at org/jruby/RubyProc.java:274
     call at org/jruby/RubyProc.java:229
     each at /home/haydenmint/Downloads/eclipse/plugins/org.jruby_1.6.4.1314386973/lib/ruby/site_ruby/shared/builtin/java/java.util.rb:7
   (root) at /home/haydenmint/Downloads/eclipse/configuration/org.eclipse.osgi/bundles/210/1/.cp/framework/ruble.rb:3
  require at org/jruby/RubyKernel.java:1038
   (root) at /home/haydenmint/Downloads/eclipse/configuration/org.eclipse.osgi/bundles/210/1/.cp/framework/ruble.rb:1
[Sun Apr 29 00:07:01 CDT 2012] [message] LoadError: no such file to load -- ruble/ui
  require at org/jruby/RubyKernel.java:1038
   (root) at /home/haydenmint/Downloads/eclipse/configuration/org.eclipse.osgi/bundles/201/1/.cp/framework/ruble/editor.rb:2
  require at org/jruby/RubyKernel.java:1038
   (root) at /home/haydenmint/Downloads/eclipse/configuration/org.eclipse.osgi/bundles/201/1/.cp/framework/ruble/editor.rb:4
     call at org/jruby/RubyProc.java:274
     call at org/jruby/RubyProc.java:229
     each at /home/haydenmint/Downloads/eclipse/plugins/org.jruby_1.6.4.1314386973/lib/ruby/site_ruby/shared/builtin/java/java.util.rb:7
   (root) at /home/haydenmint/Downloads/eclipse/configuration/org.eclipse.osgi/bundles/210/1/.cp/framework/ruble.rb:3
  require at org/jruby/RubyKernel.java:1038
   (root) at /home/haydenmint/Downloads/eclipse/configuration/org.eclipse.osgi/bundles/210/1/.cp/framework/ruble.rb:1
[Sun Apr 29 00:07:01 CDT 2012] [message] LoadError: no such file to load -- ruble/ui
  require at org/jruby/RubyKernel.java:1038
   (root) at /home/haydenmint/Downloads/eclipse/configuration/org.eclipse.osgi/bundles/201/1/.cp/framework/ruble/editor.rb:2
  require at org/jruby/RubyKernel.java:1038
   (root) at /home/haydenmint/Downloads/eclipse/configuration/org.eclipse.osgi/bundles/201/1/.cp/framework/ruble/editor.rb:4
     call at org/jruby/RubyProc.java:274
     call at org/jruby/RubyProc.java:229
     each at /home/haydenmint/Downloads/eclipse/plugins/org.jruby_1.6.4.1314386973/lib/ruby/site_ruby/shared/builtin/java/java.util.rb:7
   (root) at /home/haydenmint/Downloads/eclipse/configuration/org.eclipse.osgi/bundles/210/1/.cp/framework/ruble.rb:3
  require at org/jruby/RubyKernel.java:1038
   (root) at /home/haydenmint/Downloads/eclipse/configuration/org.eclipse.osgi/bundles/210/1/.cp/framework/ruble.rb:1
[Sun Apr 29 00:07:01 CDT 2012] [message] LoadError: no such file to load -- ruble/ui
  require at org/jruby/RubyKernel.java:1038
   (root) at /home/haydenmint/Downloads/eclipse/configuration/org.eclipse.osgi/bundles/201/1/.cp/framework/ruble/editor.rb:2
  require at org/jruby/RubyKernel.java:1038
   (root) at /home/haydenmint/Downloads/eclipse/configuration/org.eclipse.osgi/bundles/201/1/.cp/framework/ruble/editor.rb:4
     call at org/jruby/RubyProc.java:274
     call at org/jruby/RubyProc.java:229
     each at /home/haydenmint/Downloads/eclipse/plugins/org.jruby_1.6.4.1314386973/lib/ruby/site_ruby/shared/builtin/java/java.util.rb:7
   (root) at /home/haydenmint/Downloads/eclipse/configuration/org.eclipse.osgi/bundles/210/1/.cp/framework/ruble.rb:3
  require at org/jruby/RubyKernel.java:1038
   (root) at /home/haydenmint/Downloads/eclipse/configuration/org.eclipse.osgi/bundles/210/1/.cp/framework/ruble.rb:1
[Sun Apr 29 00:07:02 CDT 2012] [message] LoadError: no such file to load -- ruble/ui
  require at org/jruby/RubyKernel.java:1038
   (root) at /home/haydenmint/Downloads/eclipse/configuration/org.eclipse.osgi/bundles/201/1/.cp/framework/ruble/editor.rb:2
  require at org/jruby/RubyKernel.java:1038
   (root) at /home/haydenmint/Downloads/eclipse/configuration/org.eclipse.osgi/bundles/201/1/.cp/framework/ruble/editor.rb:4
     call at org/jruby/RubyProc.java:274
     call at org/jruby/RubyProc.java:229
     each at /home/haydenmint/Downloads/eclipse/plugins/org.jruby_1.6.4.1314386973/lib/ruby/site_ruby/shared/builtin/java/java.util.rb:7
   (root) at /home/haydenmint/Downloads/eclipse/configuration/org.eclipse.osgi/bundles/210/1/.cp/framework/ruble.rb:3
  require at org/jruby/RubyKernel.java:1038
   (root) at /home/haydenmint/Downloads/eclipse/configuration/org.eclipse.osgi/bundles/210/1/.cp/framework/ruble.rb:1
[Sun Apr 29 00:07:02 CDT 2012] [message] LoadError: no such file to load -- ruble/ui
  require at org/jruby/RubyKernel.java:1038
   (root) at /home/haydenmint/Downloads/eclipse/configuration/org.eclipse.osgi/bundles/201/1/.cp/framework/ruble/editor.rb:2
  require at org/jruby/RubyKernel.java:1038
   (root) at /home/haydenmint/Downloads/eclipse/configuration/org.eclipse.osgi/bundles/201/1/.cp/framework/ruble/editor.rb:4
     call at org/jruby/RubyProc.java:274
     call at org/jruby/RubyProc.java:229
     each at /home/haydenmint/Downloads/eclipse/plugins/org.jruby_1.6.4.1314386973/lib/ruby/site_ruby/shared/builtin/java/java.util.rb:7
   (root) at /home/haydenmint/Downloads/eclipse/configuration/org.eclipse.osgi/bundles/210/1/.cp/framework/ruble.rb:3
  require at org/jruby/RubyKernel.java:1038
   (root) at /home/haydenmint/Downloads/eclipse/configuration/org.eclipse.osgi/bundles/210/1/.cp/framework/ruble.rb:1
[Sun Apr 29 00:07:02 CDT 2012] [message] LoadError: no such file to load -- ruble/ui
  require at org/jruby/RubyKernel.java:1038
   (root) at /home/haydenmint/Downloads/eclipse/configuration/org.eclipse.osgi/bundles/201/1/.cp/framework/ruble/editor.rb:2
  require at org/jruby/RubyKernel.java:1038
   (root) at /home/haydenmint/Downloads/eclipse/configuration/org.eclipse.osgi/bundles/201/1/.cp/framework/ruble/editor.rb:4
     call at org/jruby/RubyProc.java:274
     call at org/jruby/RubyProc.java:229
     each at /home/haydenmint/Downloads/eclipse/plugins/org.jruby_1.6.4.1314386973/lib/ruby/site_ruby/shared/builtin/java/java.util.rb:7
   (root) at /home/haydenmint/Downloads/eclipse/configuration/org.eclipse.osgi/bundles/210/1/.cp/framework/ruble.rb:3
  require at org/jruby/RubyKernel.java:1038
   (root) at /home/haydenmint/Downloads/eclipse/configuration/org.eclipse.osgi/bundles/210/1/.cp/framework/ruble.rb:1
