#
# A fatal error has been detected by the Java Runtime Environment:
#
#  Internal Error (classFileParser.cpp:3494), pid=6540, tid=3079035760
#  Error: ShouldNotReachHere()
#
# JRE version: 6.0_23-b23
# Java VM: OpenJDK Server VM (20.0-b11 mixed mode linux-x86 )
# Derivative: IcedTea6 1.11pre
# Distribution: Ubuntu 11.10, package 6b23~pre11-0ubuntu1.11.10.2
# If you would like to submit a bug report, please include
# instructions how to reproduce the bug and visit:
#   https://bugs.launchpad.net/ubuntu/+source/openjdk-6/
#

---------------  T H R E A D  ---------------

Current thread (0x083e0000):  JavaThread "Unknown thread" [_thread_in_vm, id=6547, stack(0xb7815000,0xb7866000)]

Stack: [0xb7815000,0xb7866000]
[error occurred during error reporting (printing stack bounds), id 0xb]


[error occurred during error reporting (printing native stack), id 0xb]


---------------  P R O C E S S  ---------------

Java Threads: ( => current thread )

Other Threads:

=>0x083e0000 (exited) JavaThread "Unknown thread" [_thread_in_vm, id=6547, stack(0xb7815000,0xb7866000)]

VM state:not at safepoint (not fully initialized)

VM Mutex/Monitor currently owned by a thread: None

Dynamic libraries:
00110000-0011b000 r-xp 00000000 08:08 1054622    /usr/lib/jvm/java-6-openjdk/jre/lib/i386/libverify.so
0011b000-0011c000 ---p 0000b000 08:08 1054622    /usr/lib/jvm/java-6-openjdk/jre/lib/i386/libverify.so
0011c000-0011d000 r--p 0000b000 08:08 1054622    /usr/lib/jvm/java-6-openjdk/jre/lib/i386/libverify.so
0011d000-0011e000 rw-p 0000c000 08:08 1054622    /usr/lib/jvm/java-6-openjdk/jre/lib/i386/libverify.so
0011e000-00144000 r-xp 00000000 08:08 1054606    /usr/lib/jvm/java-6-openjdk/jre/lib/i386/libjava.so
00144000-00145000 r--p 00025000 08:08 1054606    /usr/lib/jvm/java-6-openjdk/jre/lib/i386/libjava.so
00145000-00147000 rw-p 00026000 08:08 1054606    /usr/lib/jvm/java-6-openjdk/jre/lib/i386/libjava.so
00147000-00151000 r-xp 00000000 08:08 525373     /lib/i386-linux-gnu/libnss_nis-2.13.so
00151000-00152000 r--p 00009000 08:08 525373     /lib/i386-linux-gnu/libnss_nis-2.13.so
00152000-00153000 rw-p 0000a000 08:08 525373     /lib/i386-linux-gnu/libnss_nis-2.13.so
00153000-0015e000 r-xp 00000000 08:08 525371     /lib/i386-linux-gnu/libnss_files-2.13.so
0015e000-0015f000 r--p 0000a000 08:08 525371     /lib/i386-linux-gnu/libnss_files-2.13.so
0015f000-00160000 rw-p 0000b000 08:08 525371     /lib/i386-linux-gnu/libnss_files-2.13.so
0016e000-002e6000 r-xp 00000000 08:08 525361     /lib/i386-linux-gnu/libc-2.13.so
002e6000-002e8000 r--p 00178000 08:08 525361     /lib/i386-linux-gnu/libc-2.13.so
002e8000-002e9000 rw-p 0017a000 08:08 525361     /lib/i386-linux-gnu/libc-2.13.so
002e9000-002ec000 rw-p 00000000 00:00 0 
002fb000-002ff000 r-xp 00000000 08:08 1054594    /usr/lib/jvm/java-6-openjdk/jre/lib/i386/jli/libjli.so
002ff000-00300000 r--p 00003000 08:08 1054594    /usr/lib/jvm/java-6-openjdk/jre/lib/i386/jli/libjli.so
00300000-00301000 rw-p 00004000 08:08 1054594    /usr/lib/jvm/java-6-openjdk/jre/lib/i386/jli/libjli.so
00301000-003df000 r-xp 00000000 08:08 794400     /usr/lib/i386-linux-gnu/libstdc++.so.6.0.16
003df000-003e0000 ---p 000de000 08:08 794400     /usr/lib/i386-linux-gnu/libstdc++.so.6.0.16
003e0000-003e4000 r--p 000de000 08:08 794400     /usr/lib/i386-linux-gnu/libstdc++.so.6.0.16
003e4000-003e5000 rw-p 000e2000 08:08 794400     /usr/lib/i386-linux-gnu/libstdc++.so.6.0.16
003e5000-003ec000 rw-p 00000000 00:00 0 
004cd000-004e9000 r-xp 00000000 08:08 525240     /lib/i386-linux-gnu/libgcc_s.so.1
004e9000-004ea000 r--p 0001b000 08:08 525240     /lib/i386-linux-gnu/libgcc_s.so.1
004ea000-004eb000 rw-p 0001c000 08:08 525240     /lib/i386-linux-gnu/libgcc_s.so.1
00540000-0055e000 r-xp 00000000 08:08 525346     /lib/i386-linux-gnu/ld-2.13.so
0055e000-0055f000 r--p 0001d000 08:08 525346     /lib/i386-linux-gnu/ld-2.13.so
0055f000-00560000 rw-p 0001e000 08:08 525346     /lib/i386-linux-gnu/ld-2.13.so
008f1000-00904000 r-xp 00000000 08:08 525302     /lib/i386-linux-gnu/libz.so.1.2.3.4
00904000-00905000 r--p 00012000 08:08 525302     /lib/i386-linux-gnu/libz.so.1.2.3.4
00905000-00906000 rw-p 00013000 08:08 525302     /lib/i386-linux-gnu/libz.so.1.2.3.4
00937000-0095f000 r-xp 00000000 08:08 525365     /lib/i386-linux-gnu/libm-2.13.so
0095f000-00960000 r--p 00028000 08:08 525365     /lib/i386-linux-gnu/libm-2.13.so
00960000-00961000 rw-p 00029000 08:08 525365     /lib/i386-linux-gnu/libm-2.13.so
009e6000-009fb000 r-xp 00000000 08:08 525367     /lib/i386-linux-gnu/libnsl-2.13.so
009fb000-009fc000 r--p 00015000 08:08 525367     /lib/i386-linux-gnu/libnsl-2.13.so
009fc000-009fd000 rw-p 00016000 08:08 525367     /lib/i386-linux-gnu/libnsl-2.13.so
009fd000-009ff000 rw-p 00000000 00:00 0 
00a34000-00a3b000 r-xp 00000000 08:08 528478     /lib/i386-linux-gnu/librt-2.13.so
00a3b000-00a3c000 r--p 00006000 08:08 528478     /lib/i386-linux-gnu/librt-2.13.so
00a3c000-00a3d000 rw-p 00007000 08:08 528478     /lib/i386-linux-gnu/librt-2.13.so
00b23000-00b24000 r-xp 00000000 00:00 0          [vdso]
00c84000-00c8c000 r-xp 00000000 08:08 525368     /lib/i386-linux-gnu/libnss_compat-2.13.so
00c8c000-00c8d000 r--p 00007000 08:08 525368     /lib/i386-linux-gnu/libnss_compat-2.13.so
00c8d000-00c8e000 rw-p 00008000 08:08 525368     /lib/i386-linux-gnu/libnss_compat-2.13.so
00d36000-00d4d000 r-xp 00000000 08:08 525376     /lib/i386-linux-gnu/libpthread-2.13.so
00d4d000-00d4e000 r--p 00016000 08:08 525376     /lib/i386-linux-gnu/libpthread-2.13.so
00d4e000-00d4f000 rw-p 00017000 08:08 525376     /lib/i386-linux-gnu/libpthread-2.13.so
00d4f000-00d51000 rw-p 00000000 00:00 0 
00e1d000-00e24000 r-xp 00000000 08:08 1054623    /usr/lib/jvm/java-6-openjdk/jre/lib/i386/libzip.so
00e24000-00e25000 r--p 00006000 08:08 1054623    /usr/lib/jvm/java-6-openjdk/jre/lib/i386/libzip.so
00e25000-00e26000 rw-p 00007000 08:08 1054623    /usr/lib/jvm/java-6-openjdk/jre/lib/i386/libzip.so
00e30000-00e33000 r-xp 00000000 08:08 525364     /lib/i386-linux-gnu/libdl-2.13.so
00e33000-00e34000 r--p 00002000 08:08 525364     /lib/i386-linux-gnu/libdl-2.13.so
00e34000-00e35000 rw-p 00003000 08:08 525364     /lib/i386-linux-gnu/libdl-2.13.so
00e35000-01653000 r-xp 00000000 08:08 1054627    /usr/lib/jvm/java-6-openjdk/jre/lib/i386/server/libjvm.so
01653000-01698000 r--p 0081e000 08:08 1054627    /usr/lib/jvm/java-6-openjdk/jre/lib/i386/server/libjvm.so
01698000-016a7000 rw-p 00863000 08:08 1054627    /usr/lib/jvm/java-6-openjdk/jre/lib/i386/server/libjvm.so
016a7000-01ac1000 rw-p 00000000 00:00 0 
08048000-08051000 r-xp 00000000 08:08 1185818    /usr/lib/jvm/java-6-openjdk/jre/bin/java
08051000-08052000 r--p 00008000 08:08 1185818    /usr/lib/jvm/java-6-openjdk/jre/bin/java
08052000-08053000 rw-p 00009000 08:08 1185818    /usr/lib/jvm/java-6-openjdk/jre/bin/java
083d9000-08443000 rw-p 00000000 00:00 0          [heap]
7ddfd000-7de62000 r--s 004cb000 08:08 1985796    /home/adam/android-sdks/platforms/android-8/android.jar
7de62000-7de63000 ---p 00000000 00:00 0 
7de63000-7dee3000 rw-p 00000000 00:00 0 
7dee3000-7dee4000 ---p 00000000 00:00 0 
7dee4000-7df64000 rw-p 00000000 00:00 0 
7df64000-7df65000 ---p 00000000 00:00 0 
7df65000-7dfe5000 rw-p 00000000 00:00 0 
7dfe5000-7dfe6000 ---p 00000000 00:00 0 
7dfe6000-7e06e000 rw-p 00000000 00:00 0 
7e06e000-7e0a6000 rw-p 00000000 00:00 0 
7e0a6000-7e0b6000 rw-p 00000000 00:00 0 
7e0b6000-7e19d000 rw-p 00000000 00:00 0 
7e19d000-7e1a5000 rw-p 00000000 00:00 0 
7e1a5000-7e1dd000 rw-p 00000000 00:00 0 
7e1dd000-7e1ed000 rw-p 00000000 00:00 0 
7e1ed000-7e2d3000 rw-p 00000000 00:00 0 
7e2d3000-7e2dc000 rw-p 00000000 00:00 0 
7e2dc000-7e34f000 rw-p 00000000 00:00 0 
7e34f000-7f350000 rw-p 00000000 00:00 0 
7f350000-86350000 rw-p 00000000 00:00 0 
86350000-88220000 rw-p 00000000 00:00 0 
88220000-a50b0000 rw-p 00000000 00:00 0 
a50b0000-a6010000 rw-p 00000000 00:00 0 
a6010000-b4750000 rw-p 00000000 00:00 0 
b4755000-b475e000 rw-p 00000000 00:00 0 
b475e000-b4815000 rw-p 00000000 00:00 0 
b4815000-b4a55000 rwxp 00000000 00:00 0 
b4a55000-b7815000 rw-p 00000000 00:00 0 
b7815000-b7818000 ---p 00000000 00:00 0 
b7818000-b7869000 rw-p 00000000 00:00 0 
b7873000-b787b000 rw-s 00000000 08:08 1051428    /tmp/hsperfdata_adam/6540
b787b000-b787c000 rw-p 00000000 00:00 0 
b787c000-b787d000 r--p 00000000 00:00 0 
b787d000-b787f000 rw-p 00000000 00:00 0 
bfc33000-bfc54000 rw-p 00000000 00:00 0          [stack]

VM Arguments:
jvm_args: -Dfile.encoding=UTF-8 -Xbootclasspath:/home/adam/android-sdks/platforms/android-8/android.jar 
java_command: edu.southalabama.jagtrack.JagPersist
Launcher Type: SUN_STANDARD

Environment Variables:
PATH=/usr/lib/lightdm/lightdm:/usr/local/sbin:/usr/local/bin:/usr/sbin:/usr/bin:/sbin:/bin:/usr/games
USERNAME=adam
LD_LIBRARY_PATH=/usr/lib/jvm/java-6-openjdk/jre/lib/i386/server:/usr/lib/jvm/java-6-openjdk/jre/lib/i386:/usr/lib/jvm/java-6-openjdk/jre/../lib/i386:/usr/lib/jvm/java-6-openjdk/jre/lib/i386/client:/usr/lib/jvm/java-6-openjdk/jre/lib/i386:
SHELL=/bin/bash
DISPLAY=:0.0

Signal Handlers:
SIGSEGV: [libjvm.so+0x66a530], sa_mask[0]=0x7ffbfeff, sa_flags=0x10000004
SIGBUS: [libjvm.so+0x66a530], sa_mask[0]=0x7ffbfeff, sa_flags=0x10000004
SIGFPE: [libjvm.so+0x52e2c0], sa_mask[0]=0x7ffbfeff, sa_flags=0x10000004
SIGPIPE: [libjvm.so+0x52e2c0], sa_mask[0]=0x7ffbfeff, sa_flags=0x10000004
SIGXFSZ: [libjvm.so+0x52e2c0], sa_mask[0]=0x7ffbfeff, sa_flags=0x10000004
SIGILL: [libjvm.so+0x52e2c0], sa_mask[0]=0x7ffbfeff, sa_flags=0x10000004
SIGUSR1: SIG_DFL, sa_mask[0]=0x00000000, sa_flags=0x00000000
SIGUSR2: [libjvm.so+0x52e150], sa_mask[0]=0x00000004, sa_flags=0x10000004
SIGHUP: SIG_DFL, sa_mask[0]=0x00000000, sa_flags=0x00000000
SIGINT: SIG_DFL, sa_mask[0]=0x00000000, sa_flags=0x00000000
SIGTERM: SIG_DFL, sa_mask[0]=0x00000000, sa_flags=0x00000000
SIGQUIT: SIG_DFL, sa_mask[0]=0x00000000, sa_flags=0x00000000


---------------  S Y S T E M  ---------------

OS:LinuxMint 12 (lisa)
uname:Linux 3.0.0-12-generic #20-Ubuntu SMP Fri Oct 7 14:50:42 UTC 2011 i686
libc:glibc 2.13 NPTL 2.13 
rlimit: STACK 8192k, CORE 0k, NPROC 23520, NOFILE 4096, AS infinity
load average:0.00 0.02 0.05

/proc/meminfo:
MemTotal:        3024668 kB
MemFree:          981552 kB
Buffers:           51864 kB
Cached:           979140 kB
SwapCached:        42604 kB
Active:          1576924 kB
Inactive:         383592 kB
Active(anon):    1013352 kB
Inactive(anon):   116776 kB
Active(file):     563572 kB
Inactive(file):   266816 kB
Unevictable:           0 kB
Mlocked:               0 kB
HighTotal:       2161920 kB
HighFree:         238420 kB
LowTotal:         862748 kB
LowFree:          743132 kB
SwapTotal:       3987452 kB
SwapFree:        3943880 kB
Dirty:               204 kB
Writeback:             0 kB
AnonPages:        896592 kB
Mapped:           118596 kB
Shmem:            200616 kB
Slab:              34320 kB
SReclaimable:      19544 kB
SUnreclaim:        14776 kB
KernelStack:        2656 kB
PageTables:         5888 kB
NFS_Unstable:          0 kB
Bounce:                0 kB
WritebackTmp:          0 kB
CommitLimit:     5499784 kB
Committed_AS:    2472652 kB
VmallocTotal:     122880 kB
VmallocUsed:       34932 kB
VmallocChunk:      78772 kB
HardwareCorrupted:     0 kB
AnonHugePages:         0 kB
HugePages_Total:       0
HugePages_Free:        0
HugePages_Rsvd:        0
HugePages_Surp:        0
Hugepagesize:       4096 kB
DirectMap4k:       16376 kB
DirectMap4M:      892928 kB


CPU:total 4 (2 cores per cpu, 2 threads per core) family 6 model 37 stepping 5, cmov, cx8, fxsr, mmx, sse, sse2, sse3, ssse3, sse4.1, sse4.2, popcnt, ht

Memory: 4k page, physical 3024668k(981552k free), swap 3987452k(3943880k free)

vm_info: OpenJDK Server VM (20.0-b11) for linux-x86 JRE (1.6.0_23-b23), built on Feb 23 2012 06:26:43 by "buildd" with gcc 4.6.1

time: Sun Apr 29 03:25:56 2012
elapsed time: 0 seconds

