#
# A fatal error has been detected by the Java Runtime Environment:
#
#  Internal Error (classFileParser.cpp:3494), pid=6446, tid=3079416688
#  Error: ShouldNotReachHere()
#
# JRE version: 6.0_23-b23
# Java VM: OpenJDK Server VM (20.0-b11 mixed mode linux-x86 )
# Derivative: IcedTea6 1.11pre
# Distribution: Ubuntu 11.10, package 6b23~pre11-0ubuntu1.11.10.2
# If you would like to submit a bug report, please include
# instructions how to reproduce the bug and visit:
#   https://bugs.launchpad.net/ubuntu/+source/openjdk-6/
#

---------------  T H R E A D  ---------------

Current thread (0x08efe000):  JavaThread "Unknown thread" [_thread_in_vm, id=6451, stack(0xb7872000,0xb78c3000)]

Stack: [0xb7872000,0xb78c3000]
[error occurred during error reporting (printing stack bounds), id 0xb]


[error occurred during error reporting (printing native stack), id 0xb]


---------------  P R O C E S S  ---------------

Java Threads: ( => current thread )

Other Threads:

=>0x08efe000 (exited) JavaThread "Unknown thread" [_thread_in_vm, id=6451, stack(0xb7872000,0xb78c3000)]

VM state:not at safepoint (not fully initialized)

VM Mutex/Monitor currently owned by a thread: None

Dynamic libraries:
00110000-00117000 r-xp 00000000 08:08 528478     /lib/i386-linux-gnu/librt-2.13.so
00117000-00118000 r--p 00006000 08:08 528478     /lib/i386-linux-gnu/librt-2.13.so
00118000-00119000 rw-p 00007000 08:08 528478     /lib/i386-linux-gnu/librt-2.13.so
0012e000-00141000 r-xp 00000000 08:08 525302     /lib/i386-linux-gnu/libz.so.1.2.3.4
00141000-00142000 r--p 00012000 08:08 525302     /lib/i386-linux-gnu/libz.so.1.2.3.4
00142000-00143000 rw-p 00013000 08:08 525302     /lib/i386-linux-gnu/libz.so.1.2.3.4
00246000-0026c000 r-xp 00000000 08:08 1054606    /usr/lib/jvm/java-6-openjdk/jre/lib/i386/libjava.so
0026c000-0026d000 r--p 00025000 08:08 1054606    /usr/lib/jvm/java-6-openjdk/jre/lib/i386/libjava.so
0026d000-0026f000 rw-p 00026000 08:08 1054606    /usr/lib/jvm/java-6-openjdk/jre/lib/i386/libjava.so
0036a000-00381000 r-xp 00000000 08:08 525376     /lib/i386-linux-gnu/libpthread-2.13.so
00381000-00382000 r--p 00016000 08:08 525376     /lib/i386-linux-gnu/libpthread-2.13.so
00382000-00383000 rw-p 00017000 08:08 525376     /lib/i386-linux-gnu/libpthread-2.13.so
00383000-00385000 rw-p 00000000 00:00 0 
003fe000-00408000 r-xp 00000000 08:08 525373     /lib/i386-linux-gnu/libnss_nis-2.13.so
00408000-00409000 r--p 00009000 08:08 525373     /lib/i386-linux-gnu/libnss_nis-2.13.so
00409000-0040a000 rw-p 0000a000 08:08 525373     /lib/i386-linux-gnu/libnss_nis-2.13.so
004f6000-004fe000 r-xp 00000000 08:08 525368     /lib/i386-linux-gnu/libnss_compat-2.13.so
004fe000-004ff000 r--p 00007000 08:08 525368     /lib/i386-linux-gnu/libnss_compat-2.13.so
004ff000-00500000 rw-p 00008000 08:08 525368     /lib/i386-linux-gnu/libnss_compat-2.13.so
00614000-00629000 r-xp 00000000 08:08 525367     /lib/i386-linux-gnu/libnsl-2.13.so
00629000-0062a000 r--p 00015000 08:08 525367     /lib/i386-linux-gnu/libnsl-2.13.so
0062a000-0062b000 rw-p 00016000 08:08 525367     /lib/i386-linux-gnu/libnsl-2.13.so
0062b000-0062d000 rw-p 00000000 00:00 0 
0066c000-0074a000 r-xp 00000000 08:08 794400     /usr/lib/i386-linux-gnu/libstdc++.so.6.0.16
0074a000-0074b000 ---p 000de000 08:08 794400     /usr/lib/i386-linux-gnu/libstdc++.so.6.0.16
0074b000-0074f000 r--p 000de000 08:08 794400     /usr/lib/i386-linux-gnu/libstdc++.so.6.0.16
0074f000-00750000 rw-p 000e2000 08:08 794400     /usr/lib/i386-linux-gnu/libstdc++.so.6.0.16
00750000-00757000 rw-p 00000000 00:00 0 
00802000-00820000 r-xp 00000000 08:08 525346     /lib/i386-linux-gnu/ld-2.13.so
00820000-00821000 r--p 0001d000 08:08 525346     /lib/i386-linux-gnu/ld-2.13.so
00821000-00822000 rw-p 0001e000 08:08 525346     /lib/i386-linux-gnu/ld-2.13.so
0098e000-009b6000 r-xp 00000000 08:08 525365     /lib/i386-linux-gnu/libm-2.13.so
009b6000-009b7000 r--p 00028000 08:08 525365     /lib/i386-linux-gnu/libm-2.13.so
009b7000-009b8000 rw-p 00029000 08:08 525365     /lib/i386-linux-gnu/libm-2.13.so
009d5000-009d9000 r-xp 00000000 08:08 1054594    /usr/lib/jvm/java-6-openjdk/jre/lib/i386/jli/libjli.so
009d9000-009da000 r--p 00003000 08:08 1054594    /usr/lib/jvm/java-6-openjdk/jre/lib/i386/jli/libjli.so
009da000-009db000 rw-p 00004000 08:08 1054594    /usr/lib/jvm/java-6-openjdk/jre/lib/i386/jli/libjli.so
00a9f000-00abb000 r-xp 00000000 08:08 525240     /lib/i386-linux-gnu/libgcc_s.so.1
00abb000-00abc000 r--p 0001b000 08:08 525240     /lib/i386-linux-gnu/libgcc_s.so.1
00abc000-00abd000 rw-p 0001c000 08:08 525240     /lib/i386-linux-gnu/libgcc_s.so.1
00ba0000-00bab000 r-xp 00000000 08:08 525371     /lib/i386-linux-gnu/libnss_files-2.13.so
00bab000-00bac000 r--p 0000a000 08:08 525371     /lib/i386-linux-gnu/libnss_files-2.13.so
00bac000-00bad000 rw-p 0000b000 08:08 525371     /lib/i386-linux-gnu/libnss_files-2.13.so
00c58000-00c5b000 r-xp 00000000 08:08 525364     /lib/i386-linux-gnu/libdl-2.13.so
00c5b000-00c5c000 r--p 00002000 08:08 525364     /lib/i386-linux-gnu/libdl-2.13.so
00c5c000-00c5d000 rw-p 00003000 08:08 525364     /lib/i386-linux-gnu/libdl-2.13.so
00c6b000-00c72000 r-xp 00000000 08:08 1054623    /usr/lib/jvm/java-6-openjdk/jre/lib/i386/libzip.so
00c72000-00c73000 r--p 00006000 08:08 1054623    /usr/lib/jvm/java-6-openjdk/jre/lib/i386/libzip.so
00c73000-00c74000 rw-p 00007000 08:08 1054623    /usr/lib/jvm/java-6-openjdk/jre/lib/i386/libzip.so
00cbe000-00cc9000 r-xp 00000000 08:08 1054622    /usr/lib/jvm/java-6-openjdk/jre/lib/i386/libverify.so
00cc9000-00cca000 ---p 0000b000 08:08 1054622    /usr/lib/jvm/java-6-openjdk/jre/lib/i386/libverify.so
00cca000-00ccb000 r--p 0000b000 08:08 1054622    /usr/lib/jvm/java-6-openjdk/jre/lib/i386/libverify.so
00ccb000-00ccc000 rw-p 0000c000 08:08 1054622    /usr/lib/jvm/java-6-openjdk/jre/lib/i386/libverify.so
00d18000-00d19000 r-xp 00000000 00:00 0          [vdso]
00d55000-00ecd000 r-xp 00000000 08:08 525361     /lib/i386-linux-gnu/libc-2.13.so
00ecd000-00ecf000 r--p 00178000 08:08 525361     /lib/i386-linux-gnu/libc-2.13.so
00ecf000-00ed0000 rw-p 0017a000 08:08 525361     /lib/i386-linux-gnu/libc-2.13.so
00ed0000-00ed3000 rw-p 00000000 00:00 0 
00ed3000-016f1000 r-xp 00000000 08:08 1054627    /usr/lib/jvm/java-6-openjdk/jre/lib/i386/server/libjvm.so
016f1000-01736000 r--p 0081e000 08:08 1054627    /usr/lib/jvm/java-6-openjdk/jre/lib/i386/server/libjvm.so
01736000-01745000 rw-p 00863000 08:08 1054627    /usr/lib/jvm/java-6-openjdk/jre/lib/i386/server/libjvm.so
01745000-01b5f000 rw-p 00000000 00:00 0 
08048000-08051000 r-xp 00000000 08:08 1185818    /usr/lib/jvm/java-6-openjdk/jre/bin/java
08051000-08052000 r--p 00008000 08:08 1185818    /usr/lib/jvm/java-6-openjdk/jre/bin/java
08052000-08053000 rw-p 00009000 08:08 1185818    /usr/lib/jvm/java-6-openjdk/jre/bin/java
08ef7000-08f61000 rw-p 00000000 00:00 0          [heap]
7de5d000-7dec2000 r--s 004cb000 08:08 1985796    /home/adam/android-sdks/platforms/android-8/android.jar
7dec2000-7dec3000 ---p 00000000 00:00 0 
7dec3000-7df43000 rw-p 00000000 00:00 0 
7df43000-7df44000 ---p 00000000 00:00 0 
7df44000-7dfc4000 rw-p 00000000 00:00 0 
7dfc4000-7dfc5000 ---p 00000000 00:00 0 
7dfc5000-7e045000 rw-p 00000000 00:00 0 
7e045000-7e046000 ---p 00000000 00:00 0 
7e046000-7e0ce000 rw-p 00000000 00:00 0 
7e0ce000-7e106000 rw-p 00000000 00:00 0 
7e106000-7e116000 rw-p 00000000 00:00 0 
7e116000-7e1fd000 rw-p 00000000 00:00 0 
7e1fd000-7e205000 rw-p 00000000 00:00 0 
7e205000-7e23d000 rw-p 00000000 00:00 0 
7e23d000-7e24d000 rw-p 00000000 00:00 0 
7e24d000-7e333000 rw-p 00000000 00:00 0 
7e333000-7e33c000 rw-p 00000000 00:00 0 
7e33c000-7e3af000 rw-p 00000000 00:00 0 
7e3af000-7f3b0000 rw-p 00000000 00:00 0 
7f3b0000-863b0000 rw-p 00000000 00:00 0 
863b0000-88280000 rw-p 00000000 00:00 0 
88280000-a5110000 rw-p 00000000 00:00 0 
a5110000-a6070000 rw-p 00000000 00:00 0 
a6070000-b47b0000 rw-p 00000000 00:00 0 
b47b2000-b47bb000 rw-p 00000000 00:00 0 
b47bb000-b4872000 rw-p 00000000 00:00 0 
b4872000-b4ab2000 rwxp 00000000 00:00 0 
b4ab2000-b7872000 rw-p 00000000 00:00 0 
b7872000-b7875000 ---p 00000000 00:00 0 
b7875000-b78c6000 rw-p 00000000 00:00 0 
b78d0000-b78d8000 rw-s 00000000 08:08 1051428    /tmp/hsperfdata_adam/6446
b78d8000-b78d9000 rw-p 00000000 00:00 0 
b78d9000-b78da000 r--p 00000000 00:00 0 
b78da000-b78dc000 rw-p 00000000 00:00 0 
bfd31000-bfd52000 rw-p 00000000 00:00 0          [stack]

VM Arguments:
jvm_args: -Dfile.encoding=UTF-8 -Xbootclasspath:/home/adam/android-sdks/platforms/android-8/android.jar 
java_command: edu.southalabama.jagtrack.JagPersist
Launcher Type: SUN_STANDARD

Environment Variables:
PATH=/usr/lib/lightdm/lightdm:/usr/local/sbin:/usr/local/bin:/usr/sbin:/usr/bin:/sbin:/bin:/usr/games
USERNAME=adam
LD_LIBRARY_PATH=/usr/lib/jvm/java-6-openjdk/jre/lib/i386/server:/usr/lib/jvm/java-6-openjdk/jre/lib/i386:/usr/lib/jvm/java-6-openjdk/jre/../lib/i386:/usr/lib/jvm/java-6-openjdk/jre/lib/i386/client:/usr/lib/jvm/java-6-openjdk/jre/lib/i386:
SHELL=/bin/bash
DISPLAY=:0.0

Signal Handlers:
SIGSEGV: [libjvm.so+0x66a530], sa_mask[0]=0x7ffbfeff, sa_flags=0x10000004
SIGBUS: [libjvm.so+0x66a530], sa_mask[0]=0x7ffbfeff, sa_flags=0x10000004
SIGFPE: [libjvm.so+0x52e2c0], sa_mask[0]=0x7ffbfeff, sa_flags=0x10000004
SIGPIPE: [libjvm.so+0x52e2c0], sa_mask[0]=0x7ffbfeff, sa_flags=0x10000004
SIGXFSZ: [libjvm.so+0x52e2c0], sa_mask[0]=0x7ffbfeff, sa_flags=0x10000004
SIGILL: [libjvm.so+0x52e2c0], sa_mask[0]=0x7ffbfeff, sa_flags=0x10000004
SIGUSR1: SIG_DFL, sa_mask[0]=0x00000000, sa_flags=0x00000000
SIGUSR2: [libjvm.so+0x52e150], sa_mask[0]=0x00000004, sa_flags=0x10000004
SIGHUP: SIG_DFL, sa_mask[0]=0x00000000, sa_flags=0x00000000
SIGINT: SIG_DFL, sa_mask[0]=0x00000000, sa_flags=0x00000000
SIGTERM: SIG_DFL, sa_mask[0]=0x00000000, sa_flags=0x00000000
SIGQUIT: SIG_DFL, sa_mask[0]=0x00000000, sa_flags=0x00000000


---------------  S Y S T E M  ---------------

OS:LinuxMint 12 (lisa)
uname:Linux 3.0.0-12-generic #20-Ubuntu SMP Fri Oct 7 14:50:42 UTC 2011 i686
libc:glibc 2.13 NPTL 2.13 
rlimit: STACK 8192k, CORE 0k, NPROC 23520, NOFILE 4096, AS infinity
load average:0.13 0.10 0.06

/proc/meminfo:
MemTotal:        3024668 kB
MemFree:          912924 kB
Buffers:           51348 kB
Cached:          1062860 kB
SwapCached:        42604 kB
Active:          1642888 kB
Inactive:         385564 kB
Active(anon):    1079448 kB
Inactive(anon):   119996 kB
Active(file):     563440 kB
Inactive(file):   265568 kB
Unevictable:           0 kB
Mlocked:               0 kB
HighTotal:       2161920 kB
HighFree:         169476 kB
LowTotal:         862748 kB
LowFree:          743448 kB
SwapTotal:       3987452 kB
SwapFree:        3943880 kB
Dirty:               204 kB
Writeback:             0 kB
AnonPages:        881508 kB
Mapped:           118392 kB
Shmem:            285200 kB
Slab:              34364 kB
SReclaimable:      19528 kB
SUnreclaim:        14836 kB
KernelStack:        2664 kB
PageTables:         5860 kB
NFS_Unstable:          0 kB
Bounce:                0 kB
WritebackTmp:          0 kB
CommitLimit:     5499784 kB
Committed_AS:    2554524 kB
VmallocTotal:     122880 kB
VmallocUsed:       34908 kB
VmallocChunk:      78772 kB
HardwareCorrupted:     0 kB
AnonHugePages:         0 kB
HugePages_Total:       0
HugePages_Free:        0
HugePages_Rsvd:        0
HugePages_Surp:        0
Hugepagesize:       4096 kB
DirectMap4k:       16376 kB
DirectMap4M:      892928 kB


CPU:total 4 (2 cores per cpu, 2 threads per core) family 6 model 37 stepping 5, cmov, cx8, fxsr, mmx, sse, sse2, sse3, ssse3, sse4.1, sse4.2, popcnt, ht

Memory: 4k page, physical 3024668k(912924k free), swap 3987452k(3943880k free)

vm_info: OpenJDK Server VM (20.0-b11) for linux-x86 JRE (1.6.0_23-b23), built on Feb 23 2012 06:26:43 by "buildd" with gcc 4.6.1

time: Sun Apr 29 03:18:07 2012
elapsed time: 0 seconds

